Using pre-set license
Desktop is 1920 x 1080 @ 60 Hz

 COMMAND LINE ARGUMENTS:
Unity
-adb2
-batchMode
-noUpm
-name
AssetImportWorker0
-projectPath
/home/conundroy/Documents/Unity/Projects/In Deep Shit backup 5
-logFile
Logs/AssetImportWorker0.log
-srvPort
33103
Successfully changed project path to: /home/conundroy/Documents/Unity/Projects/In Deep Shit backup 5
/home/conundroy/Documents/Unity/Projects/In Deep Shit backup 5
Using Asset Import Pipeline V2.
Refreshing native plugins compatible for Editor in 25,99 ms, found 0 plugins.
Preloading 0 native plugins for Editor in 0,00 ms.
Initialize engine version: 2020.3.6f1 (338bb68529b2)
[Subsystems] Discovering subsystems at path /home/conundroy/Documents/Unity/2020.3.6f1/Editor/Data/Resources/UnitySubsystems
[Subsystems] Discovering subsystems at path /home/conundroy/Documents/Unity/Projects/In Deep Shit backup 5/Assets
GLX Extensions: GLX_ARB_create_context GLX_ARB_create_context_no_error GLX_ARB_create_context_profile GLX_ARB_create_context_robustness GLX_ARB_fbconfig_float GLX_ARB_framebuffer_sRGB GLX_ARB_get_proc_address GLX_ARB_multisample GLX_EXT_buffer_age GLX_EXT_create_context_es2_profile GLX_EXT_create_context_es_profile GLX_EXT_fbconfig_packed_float GLX_EXT_framebuffer_sRGB GLX_EXT_import_context GLX_EXT_no_config_context GLX_EXT_swap_control GLX_EXT_swap_control_tear GLX_EXT_texture_from_pixmap GLX_EXT_visual_info GLX_EXT_visual_rating GLX_INTEL_swap_event GLX_MESA_copy_sub_buffer GLX_MESA_query_renderer GLX_MESA_swap_control GLX_OML_swap_method GLX_OML_sync_control GLX_SGIS_multisample GLX_SGIX_fbconfig GLX_SGIX_pbuffer GLX_SGIX_visual_select_group GLX_SGI_make_current_read GLX_SGI_swap_control GLX_SGI_video_sync 
Renderer: Radeon RX 570 Series (POLARIS10, DRM 3.35.0, 5.4.0-91-generic, LLVM 13.0.0)
Vendor:   AMD
Version:  4.6 (Core Profile) Mesa 21.3.1 - kisak-mesa PPA
GLES:     0
 GL_AMD_conservative_depth GL_AMD_depth_clamp_separate GL_AMD_draw_buffers_blend GL_AMD_framebuffer_multisample_advanced GL_AMD_gpu_shader_int64 GL_AMD_multi_draw_indirect GL_AMD_performance_monitor GL_AMD_pinned_memory GL_AMD_query_buffer_object GL_AMD_seamless_cubemap_per_texture GL_AMD_shader_stencil_export GL_AMD_shader_trinary_minmax GL_AMD_texture_texture4 GL_AMD_vertex_shader_layer GL_AMD_vertex_shader_viewport_index GL_ANGLE_texture_compression_dxt3 GL_ANGLE_texture_compression_dxt5 GL_ARB_ES2_compatibility GL_ARB_ES3_1_compatibility GL_ARB_ES3_2_compatibility GL_ARB_ES3_compatibility GL_ARB_arrays_of_arrays GL_ARB_base_instance GL_ARB_bindless_texture GL_ARB_blend_func_extended GL_ARB_buffer_storage GL_ARB_clear_buffer_object GL_ARB_clear_texture GL_ARB_clip_control GL_ARB_color_buffer_float GL_ARB_compressed_texture_pixel_storage GL_ARB_compute_shader GL_ARB_compute_variable_group_size GL_ARB_conditional_render_inverted GL_ARB_conservative_depth GL_ARB_copy_buffer GL_ARB_copy_image GL_ARB_cull_dist
ance GL_ARB_debug_output GL_ARB_depth_buffer_float GL_ARB_depth_clamp GL_ARB_derivative_control GL_ARB_direct_state_access GL_ARB_draw_buffers GL_ARB_draw_buffers_blend GL_ARB_draw_elements_base_vertex GL_ARB_draw_indirect GL_ARB_draw_instanced GL_ARB_enhanced_layouts GL_ARB_explicit_attrib_location GL_ARB_explicit_uniform_location GL_ARB_fragment_coord_conventions GL_ARB_fragment_layer_viewport GL_ARB_fragment_shader GL_ARB_framebuffer_no_attachments GL_ARB_framebuffer_object GL_ARB_framebuffer_sRGB GL_ARB_get_program_binary GL_ARB_get_texture_sub_image GL_ARB_gl_spirv GL_ARB_gpu_shader5 GL_ARB_gpu_shader_fp64 GL_ARB_gpu_shader_int64 GL_ARB_half_float_pixel GL_ARB_half_float_vertex GL_ARB_indirect_parameters GL_ARB_instanced_arrays GL_ARB_internalformat_query GL_ARB_internalformat_query2 GL_ARB_invalidate_subdata GL_ARB_map_buffer_alignment GL_ARB_map_buffer_range GL_ARB_multi_bind GL_ARB_multi_draw_indirect GL_ARB_occlusion_query2 GL_ARB_parallel_shader_compile GL_ARB_pipeline_statistics_query GL_ARB_pixel
_buffer_object GL_ARB_point_sprite GL_ARB_polygon_offset_clamp GL_ARB_program_interface_query GL_ARB_provoking_vertex GL_ARB_query_buffer_object GL_ARB_robust_buffer_access_behavior GL_ARB_robustness GL_ARB_sample_shading GL_ARB_sampler_objects GL_ARB_seamless_cube_map GL_ARB_seamless_cubemap_per_texture GL_ARB_separate_shader_objects GL_ARB_shader_atomic_counter_ops GL_ARB_shader_atomic_counters GL_ARB_shader_ballot GL_ARB_shader_bit_encoding GL_ARB_shader_clock GL_ARB_shader_draw_parameters GL_ARB_shader_group_vote GL_ARB_shader_image_load_store GL_ARB_shader_image_size GL_ARB_shader_objects GL_ARB_shader_precision GL_ARB_shader_stencil_export GL_ARB_shader_storage_buffer_object GL_ARB_shader_subroutine GL_ARB_shader_texture_image_samples GL_ARB_shader_texture_lod GL_ARB_shader_viewport_layer_array GL_ARB_shading_language_420pack GL_ARB_shading_language_include GL_ARB_shading_language_packing GL_ARB_spirv_extensions GL_ARB_stencil_texturing GL_ARB_sync GL_ARB_tessellation_shader GL_ARB_texture_barrier GL_A
RB_texture_buffer_object GL_ARB_texture_buffer_object_rgb32 GL_ARB_texture_buffer_range GL_ARB_texture_compression_bptc GL_ARB_texture_compression_rgtc GL_ARB_texture_cube_map_array GL_ARB_texture_filter_anisotropic GL_ARB_texture_float GL_ARB_texture_gather GL_ARB_texture_mirror_clamp_to_edge GL_ARB_texture_multisample GL_ARB_texture_non_power_of_two GL_ARB_texture_query_levels GL_ARB_texture_query_lod GL_ARB_texture_rectangle GL_ARB_texture_rg GL_ARB_texture_rgb10_a2ui GL_ARB_texture_stencil8 GL_ARB_texture_storage GL_ARB_texture_storage_multisample GL_ARB_texture_swizzle GL_ARB_texture_view GL_ARB_timer_query GL_ARB_transform_feedback2 GL_ARB_transform_feedback3 GL_ARB_transform_feedback_instanced GL_ARB_transform_feedback_overflow_query GL_ARB_uniform_buffer_object GL_ARB_vertex_array_bgra GL_ARB_vertex_array_object GL_ARB_vertex_attrib_64bit GL_ARB_vertex_attrib_binding GL_ARB_vertex_buffer_object GL_ARB_vertex_shader GL_ARB_vertex_type_10f_11f_11f_rev GL_ARB_vertex_type_2_10_10_10_rev GL_ARB_viewport_a
rray GL_ATI_blend_equation_separate GL_ATI_meminfo GL_ATI_texture_float GL_ATI_texture_mirror_once GL_EXT_EGL_image_storage GL_EXT_EGL_sync GL_EXT_abgr GL_EXT_blend_equation_separate GL_EXT_demote_to_helper_invocation GL_EXT_depth_bounds_test GL_EXT_draw_buffers2 GL_EXT_draw_instanced GL_EXT_framebuffer_blit GL_EXT_framebuffer_multisample GL_EXT_framebuffer_multisample_blit_scaled GL_EXT_framebuffer_object GL_EXT_framebuffer_sRGB GL_EXT_memory_object GL_EXT_memory_object_fd GL_EXT_packed_depth_stencil GL_EXT_packed_float GL_EXT_pixel_buffer_object GL_EXT_polygon_offset_clamp GL_EXT_provoking_vertex GL_EXT_semaphore GL_EXT_semaphore_fd GL_EXT_shader_image_load_formatted GL_EXT_shader_image_load_store GL_EXT_shader_integer_mix GL_EXT_shader_samples_identical GL_EXT_texture_array GL_EXT_texture_compression_dxt1 GL_EXT_texture_compression_rgtc GL_EXT_texture_compression_s3tc GL_EXT_texture_filter_anisotropic GL_EXT_texture_integer GL_EXT_texture_mirror_clamp GL_EXT_texture_sRGB GL_EXT_texture_sRGB_R8 GL_EXT_text
ure_sRGB_decode GL_EXT_texture_shadow_lod GL_EXT_texture_shared_exponent GL_EXT_texture_snorm GL_EXT_texture_swizzle GL_EXT_timer_query GL_EXT_transform_feedback GL_EXT_vertex_array_bgra GL_EXT_vertex_attrib_64bit GL_EXT_window_rectangles GL_IBM_multimode_draw_arrays GL_INTEL_blackhole_render GL_KHR_blend_equation_advanced GL_KHR_context_flush_control GL_KHR_debug GL_KHR_no_error GL_KHR_parallel_shader_compile GL_KHR_robust_buffer_access_behavior GL_KHR_robustness GL_KHR_texture_compression_astc_ldr GL_KHR_texture_compression_astc_sliced_3d GL_MESA_framebuffer_flip_y GL_MESA_pack_invert GL_MESA_shader_integer_functions GL_MESA_texture_signed_rgba GL_NVX_gpu_memory_info GL_NV_alpha_to_coverage_dither_control GL_NV_compute_shader_derivatives GL_NV_conditional_render GL_NV_copy_image GL_NV_depth_clamp GL_NV_packed_depth_stencil GL_NV_shader_atomic_int64 GL_NV_texture_barrier GL_NV_vdpau_interop GL_OES_EGL_image GL_S3_s3tc
OPENGL LOG: Creating OpenGL 4.6 graphics device ; Context level  <OpenGL 4.5> ; Context handle 1845067584
Initialize mono
Mono path[0] = '/home/conundroy/Documents/Unity/2020.3.6f1/Editor/Data/Managed'
Mono path[1] = '/home/conundroy/Documents/Unity/2020.3.6f1/Editor/Data/MonoBleedingEdge/lib/mono/unityjit'
Mono config path = '/home/conundroy/Documents/Unity/2020.3.6f1/Editor/Data/MonoBleedingEdge/etc'
Using monoOptions --debugger-agent=transport=dt_socket,embedding=1,server=y,suspend=n,address=127.0.0.1:56385
Begin MonoManager ReloadAssembly
Registering precompiled unity dll's ...
Register platform support module: /home/conundroy/Documents/Unity/2020.3.6f1/Editor/Data/PlaybackEngines/LinuxStandaloneSupport/UnityEditor.LinuxStandalone.Extensions.dll
Registered in 0,001682 seconds.
Native extension for LinuxStandalone target not found
Refreshing native plugins compatible for Editor in 24,55 ms, found 0 plugins.
Preloading 0 native plugins for Editor in 0,00 ms.
Mono: successfully reloaded assembly
- Completed reload, in  1,321 seconds
Platform modules already initialized, skipping
Registering precompiled user dll's ...
Registered in 0,003763 seconds.
Begin MonoManager ReloadAssembly
Native extension for LinuxStandalone target not found
Refreshing native plugins compatible for Editor in 0,44 ms, found 0 plugins.
Preloading 0 native plugins for Editor in 0,00 ms.
Mono: successfully reloaded assembly
- Completed reload, in  0,977 seconds
Platform modules already initialized, skipping
========================================================================
Worker process is ready to serve import requests
Launched and connected shader compiler UnityShaderCompiler after 0.01 seconds
Refreshing native plugins compatible for Editor in 0,48 ms, found 0 plugins.
Preloading 0 native plugins for Editor in 0,00 ms.
Unloading 1131 Unused Serialized files (Serialized files now loaded: 0)
System memory in use before: 65,6 MB.
System memory in use after: 65,5 MB.

Unloading 26 unused Assets to reduce memory usage. Loaded Objects now: 1664.
Total: 6,013463 ms (FindLiveObjects: 0,384550 ms CreateObjectMapping: 0,101230 ms MarkObjects: 5,244483 ms  DeleteObjects: 0,281330 ms)

========================================================================
Received Import Request.
  path: Assets/block(2).blend
  artifactKey: Guid(6ad4126514b3f5f8095f97ed21831fbe) Importer(815301076,1909f56bfc062723c751e8b465ee728b)
Start importing Assets/block(2).blend using Guid(6ad4126514b3f5f8095f97ed21831fbe) Importer(815301076,1909f56bfc062723c751e8b465ee728b)  -> (artifact id: '64bd7543f9d258023987628ae9aaca06') in 1,185270 seconds
  Import took 1,189870 seconds .

========================================================================
Received Prepare
Registering precompiled user dll's ...
Registered in 0,004292 seconds.
Begin MonoManager ReloadAssembly
Native extension for LinuxStandalone target not found
Refreshing native plugins compatible for Editor in 0,38 ms, found 0 plugins.
Preloading 0 native plugins for Editor in 0,00 ms.
Mono: successfully reloaded assembly
- Completed reload, in  0,893 seconds
Platform modules already initialized, skipping
Refreshing native plugins compatible for Editor in 0,34 ms, found 0 plugins.
Preloading 0 native plugins for Editor in 0,00 ms.
Unloading 1126 Unused Serialized files (Serialized files now loaded: 0)
System memory in use before: 67,7 MB.
System memory in use after: 67,6 MB.

Unloading 22 unused Assets to reduce memory usage. Loaded Objects now: 1710.
Total: 4,518632 ms (FindLiveObjects: 0,196900 ms CreateObjectMapping: 0,037380 ms MarkObjects: 4,053462 ms  DeleteObjects: 0,229430 ms)

========================================================================
Received Import Request.
  Time since last request: 461,614897 seconds.
  path: Assets/block(2).blend
  artifactKey: Guid(6ad4126514b3f5f8095f97ed21831fbe) Importer(815301076,1909f56bfc062723c751e8b465ee728b)
Start importing Assets/block(2).blend using Guid(6ad4126514b3f5f8095f97ed21831fbe) Importer(815301076,1909f56bfc062723c751e8b465ee728b)  -> (artifact id: '47c188695b3b50cbf37b1a5605464c01') in 1,044251 seconds
  Import took 1,049573 seconds .

========================================================================
Received Import Request.
  Time since last request: 264,054017 seconds.
  path: Assets/block(2).blend
  artifactKey: Guid(6ad4126514b3f5f8095f97ed21831fbe) Importer(815301076,1909f56bfc062723c751e8b465ee728b)
Start importing Assets/block(2).blend using Guid(6ad4126514b3f5f8095f97ed21831fbe) Importer(815301076,1909f56bfc062723c751e8b465ee728b)  -> (artifact id: 'cfc8397046770cea0be08698a15050c7') in 0,985671 seconds
  Import took 0,990419 seconds .

========================================================================
Received Import Request.
  Time since last request: 42,392873 seconds.
  path: Assets/block(2).blend
  artifactKey: Guid(6ad4126514b3f5f8095f97ed21831fbe) Importer(815301076,1909f56bfc062723c751e8b465ee728b)
Start importing Assets/block(2).blend using Guid(6ad4126514b3f5f8095f97ed21831fbe) Importer(815301076,1909f56bfc062723c751e8b465ee728b)  -> (artifact id: 'c8573cbfcb3a2d134c007a3def677fdd') in 1,000481 seconds
  Import took 1,005773 seconds .

========================================================================
Received Import Request.
  Time since last request: 92,718827 seconds.
  path: Assets/block(2).blend
  artifactKey: Guid(6ad4126514b3f5f8095f97ed21831fbe) Importer(815301076,1909f56bfc062723c751e8b465ee728b)
Start importing Assets/block(2).blend using Guid(6ad4126514b3f5f8095f97ed21831fbe) Importer(815301076,1909f56bfc062723c751e8b465ee728b)  -> (artifact id: '4a2d577faf6db0a73dab4ab2bef3ce13') in 1,012615 seconds
  Import took 1,017899 seconds .

========================================================================
Received Import Request.
  Time since last request: 101,645949 seconds.
  path: Assets/block(2).blend
  artifactKey: Guid(6ad4126514b3f5f8095f97ed21831fbe) Importer(815301076,1909f56bfc062723c751e8b465ee728b)
Start importing Assets/block(2).blend using Guid(6ad4126514b3f5f8095f97ed21831fbe) Importer(815301076,1909f56bfc062723c751e8b465ee728b)  -> (artifact id: '2117a2b4b137c2234abe72b934e22940') in 1,068260 seconds
  Import took 1,075638 seconds .

========================================================================
Received Import Request.
  Time since last request: 88,002241 seconds.
  path: Assets/block(2).blend
  artifactKey: Guid(6ad4126514b3f5f8095f97ed21831fbe) Importer(815301076,1909f56bfc062723c751e8b465ee728b)
Start importing Assets/block(2).blend using Guid(6ad4126514b3f5f8095f97ed21831fbe) Importer(815301076,1909f56bfc062723c751e8b465ee728b)  -> (artifact id: '8bcd87792c5c2f2eae111c0af729eed8') in 0,986165 seconds
  Import took 0,991018 seconds .

========================================================================
Received Import Request.
  Time since last request: 100,198642 seconds.
  path: Assets/block(2).blend
  artifactKey: Guid(6ad4126514b3f5f8095f97ed21831fbe) Importer(815301076,1909f56bfc062723c751e8b465ee728b)
Start importing Assets/block(2).blend using Guid(6ad4126514b3f5f8095f97ed21831fbe) Importer(815301076,1909f56bfc062723c751e8b465ee728b)  -> (artifact id: 'e8e34ba65709c1b80ec5b43280e71104') in 0,994094 seconds
  Import took 0,999117 seconds .

========================================================================
Received Import Request.
  Time since last request: 97,281400 seconds.
  path: Assets/block(2).blend
  artifactKey: Guid(6ad4126514b3f5f8095f97ed21831fbe) Importer(815301076,1909f56bfc062723c751e8b465ee728b)
Start importing Assets/block(2).blend using Guid(6ad4126514b3f5f8095f97ed21831fbe) Importer(815301076,1909f56bfc062723c751e8b465ee728b)  -> (artifact id: '590a5f4b791faf7c6e4297e04892d812') in 0,996186 seconds
  Import took 1,001669 seconds .

========================================================================
Received Import Request.
  Time since last request: 43,863621 seconds.
  path: Assets/block(2).blend
  artifactKey: Guid(6ad4126514b3f5f8095f97ed21831fbe) Importer(815301076,1909f56bfc062723c751e8b465ee728b)
Start importing Assets/block(2).blend using Guid(6ad4126514b3f5f8095f97ed21831fbe) Importer(815301076,1909f56bfc062723c751e8b465ee728b)  -> (artifact id: 'fd00eb5d2053944bf50de8683c9ed02f') in 1,007147 seconds
  Import took 1,012697 seconds .

========================================================================
Received Prepare
Registering precompiled user dll's ...
Registered in 0,004353 seconds.
Begin MonoManager ReloadAssembly
Native extension for LinuxStandalone target not found
Refreshing native plugins compatible for Editor in 0,51 ms, found 0 plugins.
Preloading 0 native plugins for Editor in 0,00 ms.
Mono: successfully reloaded assembly
- Completed reload, in  0,928 seconds
Platform modules already initialized, skipping
Refreshing native plugins compatible for Editor in 0,38 ms, found 0 plugins.
Preloading 0 native plugins for Editor in 0,00 ms.
Unloading 1126 Unused Serialized files (Serialized files now loaded: 0)
System memory in use before: 71,6 MB.
System memory in use after: 71,6 MB.

Unloading 22 unused Assets to reduce memory usage. Loaded Objects now: 1714.
Total: 5,257433 ms (FindLiveObjects: 0,287521 ms CreateObjectMapping: 0,069480 ms MarkObjects: 4,657542 ms  DeleteObjects: 0,241110 ms)

========================================================================
Received Import Request.
  Time since last request: 81,407569 seconds.
  path: Assets/block(2).blend1
  artifactKey: Guid(ee2d9987db8ea3356a0ebef7bfe07f08) Importer(815301076,1909f56bfc062723c751e8b465ee728b)
Start importing Assets/block(2).blend1 using Guid(ee2d9987db8ea3356a0ebef7bfe07f08) Importer(815301076,1909f56bfc062723c751e8b465ee728b)  -> (artifact id: '141e7c18a119215e5d09d18649234506') in 0,017150 seconds
  Import took 0,020610 seconds .

AssetImportWorkerClient::OnTransportError - code=2 error=End of file
