Using pre-set license
Desktop is 1920 x 1080 @ 60 Hz

 COMMAND LINE ARGUMENTS:
Unity
-adb2
-batchMode
-noUpm
-name
AssetImportWorker0
-projectPath
/home/conundroy/Documents/Unity/Projects/In Deep Shit backup 3
-logFile
Logs/AssetImportWorker0.log
-srvPort
43099
Successfully changed project path to: /home/conundroy/Documents/Unity/Projects/In Deep Shit backup 3
/home/conundroy/Documents/Unity/Projects/In Deep Shit backup 3
Using Asset Import Pipeline V2.
Refreshing native plugins compatible for Editor in 27,08 ms, found 0 plugins.
Preloading 0 native plugins for Editor in 0,00 ms.
Initialize engine version: 2020.3.6f1 (338bb68529b2)
[Subsystems] Discovering subsystems at path /home/conundroy/Documents/Unity/2020.3.6f1/Editor/Data/Resources/UnitySubsystems
[Subsystems] Discovering subsystems at path /home/conundroy/Documents/Unity/Projects/In Deep Shit backup 3/Assets
GLX Extensions: GLX_ARB_create_context GLX_ARB_create_context_no_error GLX_ARB_create_context_profile GLX_ARB_create_context_robustness GLX_ARB_fbconfig_float GLX_ARB_framebuffer_sRGB GLX_ARB_get_proc_address GLX_ARB_multisample GLX_EXT_buffer_age GLX_EXT_create_context_es2_profile GLX_EXT_create_context_es_profile GLX_EXT_fbconfig_packed_float GLX_EXT_framebuffer_sRGB GLX_EXT_import_context GLX_EXT_no_config_context GLX_EXT_swap_control GLX_EXT_swap_control_tear GLX_EXT_texture_from_pixmap GLX_EXT_visual_info GLX_EXT_visual_rating GLX_INTEL_swap_event GLX_MESA_copy_sub_buffer GLX_MESA_query_renderer GLX_MESA_swap_control GLX_OML_swap_method GLX_OML_sync_control GLX_SGIS_multisample GLX_SGIX_fbconfig GLX_SGIX_pbuffer GLX_SGIX_visual_select_group GLX_SGI_make_current_read GLX_SGI_swap_control GLX_SGI_video_sync 
Renderer: Radeon RX 570 Series (POLARIS10, DRM 3.35.0, 5.4.0-90-generic, LLVM 13.0.0)
Vendor:   AMD
Version:  4.6 (Core Profile) Mesa 21.3.0 - kisak-mesa PPA
GLES:     0
 GL_AMD_conservative_depth GL_AMD_depth_clamp_separate GL_AMD_draw_buffers_blend GL_AMD_framebuffer_multisample_advanced GL_AMD_gpu_shader_int64 GL_AMD_multi_draw_indirect GL_AMD_performance_monitor GL_AMD_pinned_memory GL_AMD_query_buffer_object GL_AMD_seamless_cubemap_per_texture GL_AMD_shader_stencil_export GL_AMD_shader_trinary_minmax GL_AMD_texture_texture4 GL_AMD_vertex_shader_layer GL_AMD_vertex_shader_viewport_index GL_ANGLE_texture_compression_dxt3 GL_ANGLE_texture_compression_dxt5 GL_ARB_ES2_compatibility GL_ARB_ES3_1_compatibility GL_ARB_ES3_2_compatibility GL_ARB_ES3_compatibility GL_ARB_arrays_of_arrays GL_ARB_base_instance GL_ARB_bindless_texture GL_ARB_blend_func_extended GL_ARB_buffer_storage GL_ARB_clear_buffer_object GL_ARB_clear_texture GL_ARB_clip_control GL_ARB_color_buffer_float GL_ARB_compressed_texture_pixel_storage GL_ARB_compute_shader GL_ARB_compute_variable_group_size GL_ARB_conditional_render_inverted GL_ARB_conservative_depth GL_ARB_copy_buffer GL_ARB_copy_image GL_ARB_cull_dist
ance GL_ARB_debug_output GL_ARB_depth_buffer_float GL_ARB_depth_clamp GL_ARB_derivative_control GL_ARB_direct_state_access GL_ARB_draw_buffers GL_ARB_draw_buffers_blend GL_ARB_draw_elements_base_vertex GL_ARB_draw_indirect GL_ARB_draw_instanced GL_ARB_enhanced_layouts GL_ARB_explicit_attrib_location GL_ARB_explicit_uniform_location GL_ARB_fragment_coord_conventions GL_ARB_fragment_layer_viewport GL_ARB_fragment_shader GL_ARB_framebuffer_no_attachments GL_ARB_framebuffer_object GL_ARB_framebuffer_sRGB GL_ARB_get_program_binary GL_ARB_get_texture_sub_image GL_ARB_gl_spirv GL_ARB_gpu_shader5 GL_ARB_gpu_shader_fp64 GL_ARB_gpu_shader_int64 GL_ARB_half_float_pixel GL_ARB_half_float_vertex GL_ARB_indirect_parameters GL_ARB_instanced_arrays GL_ARB_internalformat_query GL_ARB_internalformat_query2 GL_ARB_invalidate_subdata GL_ARB_map_buffer_alignment GL_ARB_map_buffer_range GL_ARB_multi_bind GL_ARB_multi_draw_indirect GL_ARB_occlusion_query2 GL_ARB_parallel_shader_compile GL_ARB_pipeline_statistics_query GL_ARB_pixel
_buffer_object GL_ARB_point_sprite GL_ARB_polygon_offset_clamp GL_ARB_program_interface_query GL_ARB_provoking_vertex GL_ARB_query_buffer_object GL_ARB_robust_buffer_access_behavior GL_ARB_robustness GL_ARB_sample_shading GL_ARB_sampler_objects GL_ARB_seamless_cube_map GL_ARB_seamless_cubemap_per_texture GL_ARB_separate_shader_objects GL_ARB_shader_atomic_counter_ops GL_ARB_shader_atomic_counters GL_ARB_shader_ballot GL_ARB_shader_bit_encoding GL_ARB_shader_clock GL_ARB_shader_draw_parameters GL_ARB_shader_group_vote GL_ARB_shader_image_load_store GL_ARB_shader_image_size GL_ARB_shader_objects GL_ARB_shader_precision GL_ARB_shader_stencil_export GL_ARB_shader_storage_buffer_object GL_ARB_shader_subroutine GL_ARB_shader_texture_image_samples GL_ARB_shader_texture_lod GL_ARB_shader_viewport_layer_array GL_ARB_shading_language_420pack GL_ARB_shading_language_include GL_ARB_shading_language_packing GL_ARB_spirv_extensions GL_ARB_stencil_texturing GL_ARB_sync GL_ARB_tessellation_shader GL_ARB_texture_barrier GL_A
RB_texture_buffer_object GL_ARB_texture_buffer_object_rgb32 GL_ARB_texture_buffer_range GL_ARB_texture_compression_bptc GL_ARB_texture_compression_rgtc GL_ARB_texture_cube_map_array GL_ARB_texture_filter_anisotropic GL_ARB_texture_float GL_ARB_texture_gather GL_ARB_texture_mirror_clamp_to_edge GL_ARB_texture_multisample GL_ARB_texture_non_power_of_two GL_ARB_texture_query_levels GL_ARB_texture_query_lod GL_ARB_texture_rectangle GL_ARB_texture_rg GL_ARB_texture_rgb10_a2ui GL_ARB_texture_stencil8 GL_ARB_texture_storage GL_ARB_texture_storage_multisample GL_ARB_texture_swizzle GL_ARB_texture_view GL_ARB_timer_query GL_ARB_transform_feedback2 GL_ARB_transform_feedback3 GL_ARB_transform_feedback_instanced GL_ARB_transform_feedback_overflow_query GL_ARB_uniform_buffer_object GL_ARB_vertex_array_bgra GL_ARB_vertex_array_object GL_ARB_vertex_attrib_64bit GL_ARB_vertex_attrib_binding GL_ARB_vertex_buffer_object GL_ARB_vertex_shader GL_ARB_vertex_type_10f_11f_11f_rev GL_ARB_vertex_type_2_10_10_10_rev GL_ARB_viewport_a
rray GL_ATI_blend_equation_separate GL_ATI_meminfo GL_ATI_texture_float GL_ATI_texture_mirror_once GL_EXT_EGL_image_storage GL_EXT_EGL_sync GL_EXT_abgr GL_EXT_blend_equation_separate GL_EXT_demote_to_helper_invocation GL_EXT_depth_bounds_test GL_EXT_draw_buffers2 GL_EXT_draw_instanced GL_EXT_framebuffer_blit GL_EXT_framebuffer_multisample GL_EXT_framebuffer_multisample_blit_scaled GL_EXT_framebuffer_object GL_EXT_framebuffer_sRGB GL_EXT_memory_object GL_EXT_memory_object_fd GL_EXT_packed_depth_stencil GL_EXT_packed_float GL_EXT_pixel_buffer_object GL_EXT_polygon_offset_clamp GL_EXT_provoking_vertex GL_EXT_semaphore GL_EXT_semaphore_fd GL_EXT_shader_image_load_formatted GL_EXT_shader_image_load_store GL_EXT_shader_integer_mix GL_EXT_shader_samples_identical GL_EXT_texture_array GL_EXT_texture_compression_dxt1 GL_EXT_texture_compression_rgtc GL_EXT_texture_compression_s3tc GL_EXT_texture_filter_anisotropic GL_EXT_texture_integer GL_EXT_texture_mirror_clamp GL_EXT_texture_sRGB GL_EXT_texture_sRGB_R8 GL_EXT_text
ure_sRGB_decode GL_EXT_texture_shadow_lod GL_EXT_texture_shared_exponent GL_EXT_texture_snorm GL_EXT_texture_swizzle GL_EXT_timer_query GL_EXT_transform_feedback GL_EXT_vertex_array_bgra GL_EXT_vertex_attrib_64bit GL_EXT_window_rectangles GL_IBM_multimode_draw_arrays GL_INTEL_blackhole_render GL_KHR_blend_equation_advanced GL_KHR_context_flush_control GL_KHR_debug GL_KHR_no_error GL_KHR_parallel_shader_compile GL_KHR_robust_buffer_access_behavior GL_KHR_robustness GL_KHR_texture_compression_astc_ldr GL_KHR_texture_compression_astc_sliced_3d GL_MESA_framebuffer_flip_y GL_MESA_pack_invert GL_MESA_shader_integer_functions GL_MESA_texture_signed_rgba GL_NVX_gpu_memory_info GL_NV_alpha_to_coverage_dither_control GL_NV_compute_shader_derivatives GL_NV_conditional_render GL_NV_copy_image GL_NV_depth_clamp GL_NV_packed_depth_stencil GL_NV_shader_atomic_int64 GL_NV_texture_barrier GL_NV_vdpau_interop GL_OES_EGL_image GL_S3_s3tc
OPENGL LOG: Creating OpenGL 4.6 graphics device ; Context level  <OpenGL 4.5> ; Context handle 19205904
Initialize mono
Mono path[0] = '/home/conundroy/Documents/Unity/2020.3.6f1/Editor/Data/Managed'
Mono path[1] = '/home/conundroy/Documents/Unity/2020.3.6f1/Editor/Data/MonoBleedingEdge/lib/mono/unityjit'
Mono config path = '/home/conundroy/Documents/Unity/2020.3.6f1/Editor/Data/MonoBleedingEdge/etc'
Using monoOptions --debugger-agent=transport=dt_socket,embedding=1,server=y,suspend=n,address=127.0.0.1:56319
Begin MonoManager ReloadAssembly
Registering precompiled unity dll's ...
Register platform support module: /home/conundroy/Documents/Unity/2020.3.6f1/Editor/Data/PlaybackEngines/LinuxStandaloneSupport/UnityEditor.LinuxStandalone.Extensions.dll
Registered in 0,001757 seconds.
Native extension for LinuxStandalone target not found
Refreshing native plugins compatible for Editor in 24,58 ms, found 0 plugins.
Preloading 0 native plugins for Editor in 0,00 ms.
Mono: successfully reloaded assembly
- Completed reload, in  1,440 seconds
Platform modules already initialized, skipping
Registering precompiled user dll's ...
Registered in 0,003940 seconds.
Begin MonoManager ReloadAssembly
Native extension for LinuxStandalone target not found
Refreshing native plugins compatible for Editor in 0,32 ms, found 0 plugins.
Preloading 0 native plugins for Editor in 0,00 ms.
Mono: successfully reloaded assembly
- Completed reload, in  0,960 seconds
Platform modules already initialized, skipping
========================================================================
Worker process is ready to serve import requests
Launched and connected shader compiler UnityShaderCompiler after 0.01 seconds
Refreshing native plugins compatible for Editor in 0,40 ms, found 0 plugins.
Preloading 0 native plugins for Editor in 0,00 ms.
Unloading 1131 Unused Serialized files (Serialized files now loaded: 0)
System memory in use before: 64,6 MB.
System memory in use after: 64,6 MB.

Unloading 26 unused Assets to reduce memory usage. Loaded Objects now: 1660.
Total: 5,613642 ms (FindLiveObjects: 0,274550 ms CreateObjectMapping: 0,089720 ms MarkObjects: 4,786552 ms  DeleteObjects: 0,460830 ms)

========================================================================
Received Import Request.
  path: Assets/Bolt scripts/mopAI.asset
  artifactKey: Guid(02ffae24e4b86c8999269fcd20298acc) Importer(815301076,1909f56bfc062723c751e8b465ee728b)
Start importing Assets/Bolt scripts/mopAI.asset using Guid(02ffae24e4b86c8999269fcd20298acc) Importer(815301076,1909f56bfc062723c751e8b465ee728b)  -> (artifact id: '99a51ec759b2d836bb296e7993f5c9d5') in 0,760910 seconds
  Import took 0,763906 seconds .

========================================================================
Received Import Request.
  Time since last request: 0,079761 seconds.
  path: Assets/Bolt scripts/mopAI.asset
  artifactKey: Guid(02ffae24e4b86c8999269fcd20298acc) Importer(815301076,1909f56bfc062723c751e8b465ee728b)
Start importing Assets/Bolt scripts/mopAI.asset using Guid(02ffae24e4b86c8999269fcd20298acc) Importer(815301076,1909f56bfc062723c751e8b465ee728b)  -> (artifact id: 'e1cf44312084f5de08b062bf169a060b') in 0,031993 seconds
  Import took 0,034849 seconds .

========================================================================
Received Prepare
Registering precompiled user dll's ...
Registered in 0,003617 seconds.
Begin MonoManager ReloadAssembly
Native extension for LinuxStandalone target not found
Refreshing native plugins compatible for Editor in 0,45 ms, found 0 plugins.
Preloading 0 native plugins for Editor in 0,00 ms.
Mono: successfully reloaded assembly
- Completed reload, in  0,962 seconds
Platform modules already initialized, skipping
Refreshing native plugins compatible for Editor in 0,36 ms, found 0 plugins.
Preloading 0 native plugins for Editor in 0,00 ms.
Unloading 1126 Unused Serialized files (Serialized files now loaded: 0)
System memory in use before: 64,6 MB.
System memory in use after: 64,5 MB.

Unloading 21 unused Assets to reduce memory usage. Loaded Objects now: 1663.
Total: 5,129811 ms (FindLiveObjects: 0,279330 ms CreateObjectMapping: 0,062260 ms MarkObjects: 4,592761 ms  DeleteObjects: 0,192810 ms)

========================================================================
Received Import Request.
  Time since last request: 27,334914 seconds.
  path: Assets/Bolt scripts/mopAI.asset
  artifactKey: Guid(02ffae24e4b86c8999269fcd20298acc) Importer(815301076,1909f56bfc062723c751e8b465ee728b)
Start importing Assets/Bolt scripts/mopAI.asset using Guid(02ffae24e4b86c8999269fcd20298acc) Importer(815301076,1909f56bfc062723c751e8b465ee728b)  -> (artifact id: '48aadc15f4d187257961f8595c3d26e7') in 0,814313 seconds
  Import took 0,817757 seconds .

========================================================================
Received Prepare
Registering precompiled user dll's ...
Registered in 0,003637 seconds.
Begin MonoManager ReloadAssembly
Native extension for LinuxStandalone target not found
Refreshing native plugins compatible for Editor in 0,45 ms, found 0 plugins.
Preloading 0 native plugins for Editor in 0,00 ms.
Mono: successfully reloaded assembly
- Completed reload, in  0,979 seconds
Platform modules already initialized, skipping
Refreshing native plugins compatible for Editor in 0,45 ms, found 0 plugins.
Preloading 0 native plugins for Editor in 0,00 ms.
Unloading 1126 Unused Serialized files (Serialized files now loaded: 0)
System memory in use before: 64,6 MB.
System memory in use after: 64,6 MB.

Unloading 21 unused Assets to reduce memory usage. Loaded Objects now: 1666.
Total: 10,676454 ms (FindLiveObjects: 0,170200 ms CreateObjectMapping: 0,037780 ms MarkObjects: 10,267114 ms  DeleteObjects: 0,199310 ms)

========================================================================
Received Import Request.
  Time since last request: 39,990528 seconds.
  path: Assets/Bolt scripts/mopAI.asset
  artifactKey: Guid(02ffae24e4b86c8999269fcd20298acc) Importer(815301076,1909f56bfc062723c751e8b465ee728b)
Start importing Assets/Bolt scripts/mopAI.asset using Guid(02ffae24e4b86c8999269fcd20298acc) Importer(815301076,1909f56bfc062723c751e8b465ee728b)  -> (artifact id: '93e4e9c1f223106ff8cb94213cc20144') in 0,835643 seconds
  Import took 0,838929 seconds .

========================================================================
Received Import Request.
  Time since last request: 0,007275 seconds.
  path: Assets/Bolt scripts/mopAI.asset
  artifactKey: Guid(02ffae24e4b86c8999269fcd20298acc) Importer(815301076,1909f56bfc062723c751e8b465ee728b)
Start importing Assets/Bolt scripts/mopAI.asset using Guid(02ffae24e4b86c8999269fcd20298acc) Importer(815301076,1909f56bfc062723c751e8b465ee728b)  -> (artifact id: '93e4e9c1f223106ff8cb94213cc20144') in 0,038053 seconds
  Import took 0,040852 seconds .

========================================================================
Received Import Request.
  Time since last request: 89,666302 seconds.
  path: Assets/Bolt scripts/mopAI.asset
  artifactKey: Guid(02ffae24e4b86c8999269fcd20298acc) Importer(815301076,1909f56bfc062723c751e8b465ee728b)
Start importing Assets/Bolt scripts/mopAI.asset using Guid(02ffae24e4b86c8999269fcd20298acc) Importer(815301076,1909f56bfc062723c751e8b465ee728b)  -> (artifact id: '039da44d029c23515b119b3eb6be3086') in 0,031591 seconds
  Import took 0,033975 seconds .

========================================================================
Received Import Request.
  Time since last request: 5,763948 seconds.
  path: Assets/Bolt scripts/mopAI.asset
  artifactKey: Guid(02ffae24e4b86c8999269fcd20298acc) Importer(815301076,1909f56bfc062723c751e8b465ee728b)
Start importing Assets/Bolt scripts/mopAI.asset using Guid(02ffae24e4b86c8999269fcd20298acc) Importer(815301076,1909f56bfc062723c751e8b465ee728b)  -> (artifact id: 'debdd2fe60a365d6cee0154d7cf3a140') in 0,052442 seconds
  Import took 0,056025 seconds .

========================================================================
Received Import Request.
  Time since last request: 16,175785 seconds.
  path: Assets/Bolt scripts/mopAI.asset
  artifactKey: Guid(02ffae24e4b86c8999269fcd20298acc) Importer(815301076,1909f56bfc062723c751e8b465ee728b)
Start importing Assets/Bolt scripts/mopAI.asset using Guid(02ffae24e4b86c8999269fcd20298acc) Importer(815301076,1909f56bfc062723c751e8b465ee728b)  -> (artifact id: '0425e6e654a50b2d24028fd737f50d98') in 0,034128 seconds
  Import took 0,037557 seconds .

========================================================================
Received Import Request.
  Time since last request: 8,121856 seconds.
  path: Assets/Bolt scripts/mopAI.asset
  artifactKey: Guid(02ffae24e4b86c8999269fcd20298acc) Importer(815301076,1909f56bfc062723c751e8b465ee728b)
Start importing Assets/Bolt scripts/mopAI.asset using Guid(02ffae24e4b86c8999269fcd20298acc) Importer(815301076,1909f56bfc062723c751e8b465ee728b)  -> (artifact id: 'f5ffa0c86e0e0a598e462931087f195b') in 0,033312 seconds
  Import took 0,036757 seconds .

========================================================================
Received Import Request.
  Time since last request: 8,104033 seconds.
  path: Assets/Bolt scripts/mopAI.asset
  artifactKey: Guid(02ffae24e4b86c8999269fcd20298acc) Importer(815301076,1909f56bfc062723c751e8b465ee728b)
Start importing Assets/Bolt scripts/mopAI.asset using Guid(02ffae24e4b86c8999269fcd20298acc) Importer(815301076,1909f56bfc062723c751e8b465ee728b)  -> (artifact id: '92eccbb9e9c4b956347033377d04fe72') in 0,035213 seconds
  Import took 0,038534 seconds .

========================================================================
Received Import Request.
  Time since last request: 9,045458 seconds.
  path: Assets/Bolt scripts/mopAI.asset
  artifactKey: Guid(02ffae24e4b86c8999269fcd20298acc) Importer(815301076,1909f56bfc062723c751e8b465ee728b)
Start importing Assets/Bolt scripts/mopAI.asset using Guid(02ffae24e4b86c8999269fcd20298acc) Importer(815301076,1909f56bfc062723c751e8b465ee728b)  -> (artifact id: 'c0380b0b10e618e72a72c9362edef3ed') in 0,041057 seconds
  Import took 0,044656 seconds .

========================================================================
Received Import Request.
  Time since last request: 8,947753 seconds.
  path: Assets/Bolt scripts/mopAI.asset
  artifactKey: Guid(02ffae24e4b86c8999269fcd20298acc) Importer(815301076,1909f56bfc062723c751e8b465ee728b)
Start importing Assets/Bolt scripts/mopAI.asset using Guid(02ffae24e4b86c8999269fcd20298acc) Importer(815301076,1909f56bfc062723c751e8b465ee728b)  -> (artifact id: 'b307c9ba8798ce3301481d82580d101d') in 0,029192 seconds
  Import took 0,032506 seconds .

========================================================================
Received Import Request.
  Time since last request: 19,243772 seconds.
  path: Assets/Bolt scripts/mopAI.asset
  artifactKey: Guid(02ffae24e4b86c8999269fcd20298acc) Importer(815301076,1909f56bfc062723c751e8b465ee728b)
Start importing Assets/Bolt scripts/mopAI.asset using Guid(02ffae24e4b86c8999269fcd20298acc) Importer(815301076,1909f56bfc062723c751e8b465ee728b)  -> (artifact id: 'b5b9868717828043632c626cbb1feb89') in 0,037732 seconds
  Import took 0,041267 seconds .

========================================================================
Received Prepare
Registering precompiled user dll's ...
Registered in 0,003657 seconds.
Begin MonoManager ReloadAssembly
Native extension for LinuxStandalone target not found
Refreshing native plugins compatible for Editor in 0,32 ms, found 0 plugins.
Preloading 0 native plugins for Editor in 0,00 ms.
Mono: successfully reloaded assembly
- Completed reload, in  0,910 seconds
Platform modules already initialized, skipping
Refreshing native plugins compatible for Editor in 0,39 ms, found 0 plugins.
Preloading 0 native plugins for Editor in 0,00 ms.
Unloading 1126 Unused Serialized files (Serialized files now loaded: 0)
System memory in use before: 64,6 MB.
System memory in use after: 64,6 MB.

Unloading 21 unused Assets to reduce memory usage. Loaded Objects now: 1669.
Total: 4,940242 ms (FindLiveObjects: 0,311511 ms CreateObjectMapping: 0,071100 ms MarkObjects: 4,368381 ms  DeleteObjects: 0,187490 ms)

========================================================================
Received Import Request.
  Time since last request: 33,467553 seconds.
  path: Assets/Bolt scripts/mopAI.asset
  artifactKey: Guid(02ffae24e4b86c8999269fcd20298acc) Importer(815301076,1909f56bfc062723c751e8b465ee728b)
Start importing Assets/Bolt scripts/mopAI.asset using Guid(02ffae24e4b86c8999269fcd20298acc) Importer(815301076,1909f56bfc062723c751e8b465ee728b)  -> (artifact id: '9fdba7cc404016bfda041a3d9f12d835') in 0,728120 seconds
  Import took 0,731492 seconds .

========================================================================
Received Import Request.
  Time since last request: 3,706083 seconds.
  path: Assets/Bolt scripts/mopAI.asset
  artifactKey: Guid(02ffae24e4b86c8999269fcd20298acc) Importer(815301076,1909f56bfc062723c751e8b465ee728b)
Start importing Assets/Bolt scripts/mopAI.asset using Guid(02ffae24e4b86c8999269fcd20298acc) Importer(815301076,1909f56bfc062723c751e8b465ee728b)  -> (artifact id: 'd027c47b001457c7859f6aa9119bd690') in 0,032402 seconds
  Import took 0,035739 seconds .

========================================================================
Received Import Request.
  Time since last request: 1,944060 seconds.
  path: Assets/Bolt scripts/mopAI.asset
  artifactKey: Guid(02ffae24e4b86c8999269fcd20298acc) Importer(815301076,1909f56bfc062723c751e8b465ee728b)
Start importing Assets/Bolt scripts/mopAI.asset using Guid(02ffae24e4b86c8999269fcd20298acc) Importer(815301076,1909f56bfc062723c751e8b465ee728b)  -> (artifact id: 'e541f9085222e91cd76fabe43c1d6b48') in 0,030286 seconds
  Import took 0,033665 seconds .

========================================================================
Received Import Request.
  Time since last request: 10,651997 seconds.
  path: Assets/Bolt scripts/mopAI.asset
  artifactKey: Guid(02ffae24e4b86c8999269fcd20298acc) Importer(815301076,1909f56bfc062723c751e8b465ee728b)
Start importing Assets/Bolt scripts/mopAI.asset using Guid(02ffae24e4b86c8999269fcd20298acc) Importer(815301076,1909f56bfc062723c751e8b465ee728b)  -> (artifact id: '607b534d3e8c5ec231a9a2fdf00c5f8d') in 0,032320 seconds
  Import took 0,035519 seconds .

========================================================================
Received Prepare
Registering precompiled user dll's ...
Registered in 0,003640 seconds.
Begin MonoManager ReloadAssembly
Native extension for LinuxStandalone target not found
Refreshing native plugins compatible for Editor in 0,41 ms, found 0 plugins.
Preloading 0 native plugins for Editor in 0,00 ms.
Mono: successfully reloaded assembly
- Completed reload, in  1,003 seconds
Platform modules already initialized, skipping
Refreshing native plugins compatible for Editor in 0,51 ms, found 0 plugins.
Preloading 0 native plugins for Editor in 0,00 ms.
Unloading 1126 Unused Serialized files (Serialized files now loaded: 0)
System memory in use before: 64,6 MB.
System memory in use after: 64,6 MB.

Unloading 21 unused Assets to reduce memory usage. Loaded Objects now: 1672.
Total: 5,161792 ms (FindLiveObjects: 0,302850 ms CreateObjectMapping: 0,048130 ms MarkObjects: 4,612992 ms  DeleteObjects: 0,195280 ms)

========================================================================
Received Prepare
Registering precompiled user dll's ...
Registered in 0,003651 seconds.
Begin MonoManager ReloadAssembly
Native extension for LinuxStandalone target not found
Refreshing native plugins compatible for Editor in 0,33 ms, found 0 plugins.
Preloading 0 native plugins for Editor in 0,00 ms.
Mono: successfully reloaded assembly
- Completed reload, in  0,949 seconds
Platform modules already initialized, skipping
Refreshing native plugins compatible for Editor in 0,32 ms, found 0 plugins.
Preloading 0 native plugins for Editor in 0,00 ms.
Unloading 1126 Unused Serialized files (Serialized files now loaded: 0)
System memory in use before: 64,6 MB.
System memory in use after: 64,6 MB.

Unloading 21 unused Assets to reduce memory usage. Loaded Objects now: 1675.
Total: 4,443871 ms (FindLiveObjects: 0,169660 ms CreateObjectMapping: 0,028160 ms MarkObjects: 3,991781 ms  DeleteObjects: 0,252910 ms)

========================================================================
Received Prepare
Registering precompiled user dll's ...
Registered in 0,003648 seconds.
Begin MonoManager ReloadAssembly
Native extension for LinuxStandalone target not found
Refreshing native plugins compatible for Editor in 0,33 ms, found 0 plugins.
Preloading 0 native plugins for Editor in 0,00 ms.
Mono: successfully reloaded assembly
- Completed reload, in  0,895 seconds
Platform modules already initialized, skipping
Refreshing native plugins compatible for Editor in 0,32 ms, found 0 plugins.
Preloading 0 native plugins for Editor in 0,00 ms.
Unloading 1126 Unused Serialized files (Serialized files now loaded: 0)
System memory in use before: 64,6 MB.
System memory in use after: 64,6 MB.

Unloading 21 unused Assets to reduce memory usage. Loaded Objects now: 1678.
Total: 3,495301 ms (FindLiveObjects: 0,158460 ms CreateObjectMapping: 0,035420 ms MarkObjects: 3,099661 ms  DeleteObjects: 0,200470 ms)

========================================================================
Received Prepare
Registering precompiled user dll's ...
Registered in 0,003635 seconds.
Begin MonoManager ReloadAssembly
Native extension for LinuxStandalone target not found
Refreshing native plugins compatible for Editor in 0,33 ms, found 0 plugins.
Preloading 0 native plugins for Editor in 0,00 ms.
Mono: successfully reloaded assembly
- Completed reload, in  0,911 seconds
Platform modules already initialized, skipping
Refreshing native plugins compatible for Editor in 0,36 ms, found 0 plugins.
Preloading 0 native plugins for Editor in 0,00 ms.
Unloading 1126 Unused Serialized files (Serialized files now loaded: 0)
System memory in use before: 64,6 MB.
System memory in use after: 64,6 MB.

Unloading 21 unused Assets to reduce memory usage. Loaded Objects now: 1681.
Total: 4,746822 ms (FindLiveObjects: 0,273080 ms CreateObjectMapping: 0,062900 ms MarkObjects: 4,221111 ms  DeleteObjects: 0,188321 ms)

========================================================================
Received Import Request.
  Time since last request: 423,673595 seconds.
  path: Assets/Bolt scripts/mopAI.asset
  artifactKey: Guid(02ffae24e4b86c8999269fcd20298acc) Importer(815301076,1909f56bfc062723c751e8b465ee728b)
Start importing Assets/Bolt scripts/mopAI.asset using Guid(02ffae24e4b86c8999269fcd20298acc) Importer(815301076,1909f56bfc062723c751e8b465ee728b)  -> (artifact id: 'd72c8fd02d56b5fcca64cad8d948234e') in 0,754310 seconds
  Import took 0,757520 seconds .

========================================================================
Received Prepare
Registering precompiled user dll's ...
Registered in 0,003664 seconds.
Begin MonoManager ReloadAssembly
Native extension for LinuxStandalone target not found
Refreshing native plugins compatible for Editor in 0,34 ms, found 0 plugins.
Preloading 0 native plugins for Editor in 0,00 ms.
Mono: successfully reloaded assembly
- Completed reload, in  0,937 seconds
Platform modules already initialized, skipping
Refreshing native plugins compatible for Editor in 0,32 ms, found 0 plugins.
Preloading 0 native plugins for Editor in 0,00 ms.
Unloading 1126 Unused Serialized files (Serialized files now loaded: 0)
System memory in use before: 64,6 MB.
System memory in use after: 64,6 MB.

Unloading 21 unused Assets to reduce memory usage. Loaded Objects now: 1684.
Total: 2,874321 ms (FindLiveObjects: 0,170600 ms CreateObjectMapping: 0,036490 ms MarkObjects: 2,542081 ms  DeleteObjects: 0,124080 ms)

========================================================================
Received Prepare
Registering precompiled user dll's ...
Registered in 0,003648 seconds.
Begin MonoManager ReloadAssembly
Native extension for LinuxStandalone target not found
Refreshing native plugins compatible for Editor in 0,33 ms, found 0 plugins.
Preloading 0 native plugins for Editor in 0,00 ms.
Mono: successfully reloaded assembly
- Completed reload, in  0,914 seconds
Platform modules already initialized, skipping
Refreshing native plugins compatible for Editor in 0,33 ms, found 0 plugins.
Preloading 0 native plugins for Editor in 0,00 ms.
Unloading 1126 Unused Serialized files (Serialized files now loaded: 0)
System memory in use before: 64,6 MB.
System memory in use after: 64,6 MB.

Unloading 21 unused Assets to reduce memory usage. Loaded Objects now: 1687.
Total: 4,767331 ms (FindLiveObjects: 0,134140 ms CreateObjectMapping: 0,028540 ms MarkObjects: 4,413331 ms  DeleteObjects: 0,189870 ms)

========================================================================
Received Prepare
Registering precompiled user dll's ...
Registered in 0,003701 seconds.
Begin MonoManager ReloadAssembly
Native extension for LinuxStandalone target not found
Refreshing native plugins compatible for Editor in 0,33 ms, found 0 plugins.
Preloading 0 native plugins for Editor in 0,00 ms.
Mono: successfully reloaded assembly
- Completed reload, in  0,919 seconds
Platform modules already initialized, skipping
Refreshing native plugins compatible for Editor in 0,32 ms, found 0 plugins.
Preloading 0 native plugins for Editor in 0,00 ms.
Unloading 1126 Unused Serialized files (Serialized files now loaded: 0)
System memory in use before: 64,6 MB.
System memory in use after: 64,6 MB.

Unloading 21 unused Assets to reduce memory usage. Loaded Objects now: 1690.
Total: 3,263831 ms (FindLiveObjects: 0,208410 ms CreateObjectMapping: 0,043240 ms MarkObjects: 2,855801 ms  DeleteObjects: 0,155310 ms)

========================================================================
Received Prepare
Registering precompiled user dll's ...
Registered in 0,004319 seconds.
Begin MonoManager ReloadAssembly
Native extension for LinuxStandalone target not found
Refreshing native plugins compatible for Editor in 0,40 ms, found 0 plugins.
Preloading 0 native plugins for Editor in 0,00 ms.
Mono: successfully reloaded assembly
- Completed reload, in  0,923 seconds
Platform modules already initialized, skipping
Refreshing native plugins compatible for Editor in 0,47 ms, found 0 plugins.
Preloading 0 native plugins for Editor in 0,00 ms.
Unloading 1126 Unused Serialized files (Serialized files now loaded: 0)
System memory in use before: 64,6 MB.
System memory in use after: 64,6 MB.

Unloading 21 unused Assets to reduce memory usage. Loaded Objects now: 1693.
Total: 5,935972 ms (FindLiveObjects: 0,254790 ms CreateObjectMapping: 0,071810 ms MarkObjects: 5,373312 ms  DeleteObjects: 0,233290 ms)

========================================================================
Received Prepare
Registering precompiled user dll's ...
Registered in 0,003656 seconds.
Begin MonoManager ReloadAssembly
Native extension for LinuxStandalone target not found
Refreshing native plugins compatible for Editor in 0,33 ms, found 0 plugins.
Preloading 0 native plugins for Editor in 0,00 ms.
Mono: successfully reloaded assembly
- Completed reload, in  0,924 seconds
Platform modules already initialized, skipping
Refreshing native plugins compatible for Editor in 0,35 ms, found 0 plugins.
Preloading 0 native plugins for Editor in 0,00 ms.
Unloading 1126 Unused Serialized files (Serialized files now loaded: 0)
System memory in use before: 64,6 MB.
System memory in use after: 64,6 MB.

Unloading 21 unused Assets to reduce memory usage. Loaded Objects now: 1696.
Total: 2,843991 ms (FindLiveObjects: 0,194370 ms CreateObjectMapping: 0,037250 ms MarkObjects: 2,487441 ms  DeleteObjects: 0,123930 ms)

========================================================================
Received Prepare
Registering precompiled user dll's ...
Registered in 0,003653 seconds.
Begin MonoManager ReloadAssembly
Native extension for LinuxStandalone target not found
Refreshing native plugins compatible for Editor in 0,32 ms, found 0 plugins.
Preloading 0 native plugins for Editor in 0,00 ms.
Mono: successfully reloaded assembly
- Completed reload, in  0,931 seconds
Platform modules already initialized, skipping
Refreshing native plugins compatible for Editor in 0,33 ms, found 0 plugins.
Preloading 0 native plugins for Editor in 0,00 ms.
Unloading 1126 Unused Serialized files (Serialized files now loaded: 0)
System memory in use before: 64,6 MB.
System memory in use after: 64,6 MB.

Unloading 21 unused Assets to reduce memory usage. Loaded Objects now: 1699.
Total: 4,203402 ms (FindLiveObjects: 0,138170 ms CreateObjectMapping: 0,029020 ms MarkObjects: 3,830022 ms  DeleteObjects: 0,205030 ms)

========================================================================
Received Prepare
Registering precompiled user dll's ...
Registered in 0,004348 seconds.
Begin MonoManager ReloadAssembly
Native extension for LinuxStandalone target not found
Refreshing native plugins compatible for Editor in 0,32 ms, found 0 plugins.
Preloading 0 native plugins for Editor in 0,00 ms.
Mono: successfully reloaded assembly
- Completed reload, in  0,903 seconds
Platform modules already initialized, skipping
Refreshing native plugins compatible for Editor in 0,33 ms, found 0 plugins.
Preloading 0 native plugins for Editor in 0,00 ms.
Unloading 1126 Unused Serialized files (Serialized files now loaded: 0)
System memory in use before: 64,6 MB.
System memory in use after: 64,6 MB.

Unloading 21 unused Assets to reduce memory usage. Loaded Objects now: 1702.
Total: 5,423001 ms (FindLiveObjects: 0,293820 ms CreateObjectMapping: 0,086840 ms MarkObjects: 4,851551 ms  DeleteObjects: 0,189100 ms)

========================================================================
Received Prepare
Registering precompiled user dll's ...
Registered in 0,003637 seconds.
Begin MonoManager ReloadAssembly
Native extension for LinuxStandalone target not found
Refreshing native plugins compatible for Editor in 0,40 ms, found 0 plugins.
Preloading 0 native plugins for Editor in 0,00 ms.
Mono: successfully reloaded assembly
- Completed reload, in  0,958 seconds
Platform modules already initialized, skipping
Refreshing native plugins compatible for Editor in 0,32 ms, found 0 plugins.
Preloading 0 native plugins for Editor in 0,00 ms.
Unloading 1126 Unused Serialized files (Serialized files now loaded: 0)
System memory in use before: 64,6 MB.
System memory in use after: 64,6 MB.

Unloading 21 unused Assets to reduce memory usage. Loaded Objects now: 1705.
Total: 4,856542 ms (FindLiveObjects: 0,139221 ms CreateObjectMapping: 0,075610 ms MarkObjects: 4,448601 ms  DeleteObjects: 0,191440 ms)

========================================================================
Received Prepare
Registering precompiled user dll's ...
Registered in 0,003630 seconds.
Begin MonoManager ReloadAssembly
Native extension for LinuxStandalone target not found
Refreshing native plugins compatible for Editor in 0,40 ms, found 0 plugins.
Preloading 0 native plugins for Editor in 0,00 ms.
Mono: successfully reloaded assembly
- Completed reload, in  0,917 seconds
Platform modules already initialized, skipping
Refreshing native plugins compatible for Editor in 0,33 ms, found 0 plugins.
Preloading 0 native plugins for Editor in 0,00 ms.
Unloading 1126 Unused Serialized files (Serialized files now loaded: 0)
System memory in use before: 64,6 MB.
System memory in use after: 64,6 MB.

Unloading 21 unused Assets to reduce memory usage. Loaded Objects now: 1708.
Total: 5,241492 ms (FindLiveObjects: 0,284520 ms CreateObjectMapping: 0,069680 ms MarkObjects: 4,670432 ms  DeleteObjects: 0,214640 ms)

========================================================================
Received Prepare
Registering precompiled user dll's ...
Registered in 0,003656 seconds.
Begin MonoManager ReloadAssembly
Native extension for LinuxStandalone target not found
Refreshing native plugins compatible for Editor in 0,48 ms, found 0 plugins.
Preloading 0 native plugins for Editor in 0,00 ms.
Mono: successfully reloaded assembly
- Completed reload, in  0,934 seconds
Platform modules already initialized, skipping
Refreshing native plugins compatible for Editor in 0,38 ms, found 0 plugins.
Preloading 0 native plugins for Editor in 0,00 ms.
Unloading 1126 Unused Serialized files (Serialized files now loaded: 0)
System memory in use before: 64,7 MB.
System memory in use after: 64,6 MB.

Unloading 21 unused Assets to reduce memory usage. Loaded Objects now: 1711.
Total: 5,237841 ms (FindLiveObjects: 0,279490 ms CreateObjectMapping: 0,070790 ms MarkObjects: 4,674781 ms  DeleteObjects: 0,211100 ms)

========================================================================
Received Import Request.
  Time since last request: 918,132153 seconds.
  path: Assets/Bolt scripts/mopAI.asset
  artifactKey: Guid(02ffae24e4b86c8999269fcd20298acc) Importer(815301076,1909f56bfc062723c751e8b465ee728b)
Start importing Assets/Bolt scripts/mopAI.asset using Guid(02ffae24e4b86c8999269fcd20298acc) Importer(815301076,1909f56bfc062723c751e8b465ee728b)  -> (artifact id: '04d1e512c26e0c4f9215cde773fa6d4a') in 0,788840 seconds
  Import took 0,791862 seconds .

========================================================================
Received Import Request.
  Time since last request: 52,348431 seconds.
  path: Assets/Bolt scripts/mopAI.asset
  artifactKey: Guid(02ffae24e4b86c8999269fcd20298acc) Importer(815301076,1909f56bfc062723c751e8b465ee728b)
Start importing Assets/Bolt scripts/mopAI.asset using Guid(02ffae24e4b86c8999269fcd20298acc) Importer(815301076,1909f56bfc062723c751e8b465ee728b)  -> (artifact id: '55a0270c0a21238209514dfb490861cd') in 0,037481 seconds
  Import took 0,040703 seconds .

========================================================================
Received Prepare
Registering precompiled user dll's ...
Registered in 0,004391 seconds.
Begin MonoManager ReloadAssembly
Native extension for LinuxStandalone target not found
Refreshing native plugins compatible for Editor in 0,49 ms, found 0 plugins.
Preloading 0 native plugins for Editor in 0,00 ms.
Mono: successfully reloaded assembly
- Completed reload, in  0,964 seconds
Platform modules already initialized, skipping
Refreshing native plugins compatible for Editor in 0,36 ms, found 0 plugins.
Preloading 0 native plugins for Editor in 0,00 ms.
Unloading 1126 Unused Serialized files (Serialized files now loaded: 0)
System memory in use before: 64,7 MB.
System memory in use after: 64,6 MB.

Unloading 21 unused Assets to reduce memory usage. Loaded Objects now: 1714.
Total: 3,034451 ms (FindLiveObjects: 0,203290 ms CreateObjectMapping: 0,036800 ms MarkObjects: 2,648951 ms  DeleteObjects: 0,143850 ms)

========================================================================
Received Import Request.
  Time since last request: 33,031807 seconds.
  path: Assets/Bolt scripts/mopAI.asset
  artifactKey: Guid(02ffae24e4b86c8999269fcd20298acc) Importer(815301076,1909f56bfc062723c751e8b465ee728b)
Start importing Assets/Bolt scripts/mopAI.asset using Guid(02ffae24e4b86c8999269fcd20298acc) Importer(815301076,1909f56bfc062723c751e8b465ee728b)  -> (artifact id: '3722995b19a26d62078c533e44e876bc') in 0,900567 seconds
  Import took 0,903876 seconds .

========================================================================
Received Prepare
Registering precompiled user dll's ...
Registered in 0,003672 seconds.
Begin MonoManager ReloadAssembly
Native extension for LinuxStandalone target not found
Refreshing native plugins compatible for Editor in 0,40 ms, found 0 plugins.
Preloading 0 native plugins for Editor in 0,00 ms.
Mono: successfully reloaded assembly
- Completed reload, in  0,949 seconds
Platform modules already initialized, skipping
Refreshing native plugins compatible for Editor in 0,39 ms, found 0 plugins.
Preloading 0 native plugins for Editor in 0,00 ms.
Unloading 1126 Unused Serialized files (Serialized files now loaded: 0)
System memory in use before: 64,7 MB.
System memory in use after: 64,7 MB.

Unloading 21 unused Assets to reduce memory usage. Loaded Objects now: 1717.
Total: 3,590132 ms (FindLiveObjects: 0,218530 ms CreateObjectMapping: 0,052650 ms MarkObjects: 3,121901 ms  DeleteObjects: 0,195191 ms)

========================================================================
Received Import Request.
  Time since last request: 142,841030 seconds.
  path: Assets/Bolt scripts/mopAI.asset
  artifactKey: Guid(02ffae24e4b86c8999269fcd20298acc) Importer(815301076,1909f56bfc062723c751e8b465ee728b)
Start importing Assets/Bolt scripts/mopAI.asset using Guid(02ffae24e4b86c8999269fcd20298acc) Importer(815301076,1909f56bfc062723c751e8b465ee728b)  -> (artifact id: '29380f16f33501ee8c3c9a42df23a914') in 0,847401 seconds
  Import took 0,850190 seconds .

========================================================================
Received Import Request.
  Time since last request: 10,695789 seconds.
  path: Assets/Bolt scripts/mopAI.asset
  artifactKey: Guid(02ffae24e4b86c8999269fcd20298acc) Importer(815301076,1909f56bfc062723c751e8b465ee728b)
Start importing Assets/Bolt scripts/mopAI.asset using Guid(02ffae24e4b86c8999269fcd20298acc) Importer(815301076,1909f56bfc062723c751e8b465ee728b)  -> (artifact id: 'cabac81b17b05a4f1a7c931ca8d6a2e9') in 0,040419 seconds
  Import took 0,043739 seconds .

========================================================================
Received Prepare
Registering precompiled user dll's ...
Registered in 0,003640 seconds.
Begin MonoManager ReloadAssembly
Native extension for LinuxStandalone target not found
Refreshing native plugins compatible for Editor in 0,41 ms, found 0 plugins.
Preloading 0 native plugins for Editor in 0,00 ms.
Mono: successfully reloaded assembly
- Completed reload, in  0,993 seconds
Platform modules already initialized, skipping
Refreshing native plugins compatible for Editor in 0,32 ms, found 0 plugins.
Preloading 0 native plugins for Editor in 0,00 ms.
Unloading 1126 Unused Serialized files (Serialized files now loaded: 0)
System memory in use before: 64,7 MB.
System memory in use after: 64,7 MB.

Unloading 21 unused Assets to reduce memory usage. Loaded Objects now: 1720.
Total: 4,055441 ms (FindLiveObjects: 0,166230 ms CreateObjectMapping: 0,035850 ms MarkObjects: 3,647841 ms  DeleteObjects: 0,204290 ms)

========================================================================
Received Import Request.
  Time since last request: 438,513099 seconds.
  path: Assets/Bolt scripts/mopAI.asset
  artifactKey: Guid(02ffae24e4b86c8999269fcd20298acc) Importer(815301076,1909f56bfc062723c751e8b465ee728b)
Start importing Assets/Bolt scripts/mopAI.asset using Guid(02ffae24e4b86c8999269fcd20298acc) Importer(815301076,1909f56bfc062723c751e8b465ee728b)  -> (artifact id: 'cc2888c7666dd6901bc39241ef76e9dc') in 0,733163 seconds
  Import took 0,736425 seconds .

========================================================================
Received Import Request.
  Time since last request: 7,182471 seconds.
  path: Assets/Bolt scripts/mopAI.asset
  artifactKey: Guid(02ffae24e4b86c8999269fcd20298acc) Importer(815301076,1909f56bfc062723c751e8b465ee728b)
Start importing Assets/Bolt scripts/mopAI.asset using Guid(02ffae24e4b86c8999269fcd20298acc) Importer(815301076,1909f56bfc062723c751e8b465ee728b)  -> (artifact id: '66b11ec1e631ca0cffbd8b78b0d61d47') in 0,032700 seconds
  Import took 0,036002 seconds .

========================================================================
Received Import Request.
  Time since last request: 7,107391 seconds.
  path: Assets/Bolt scripts/mopAI.asset
  artifactKey: Guid(02ffae24e4b86c8999269fcd20298acc) Importer(815301076,1909f56bfc062723c751e8b465ee728b)
Start importing Assets/Bolt scripts/mopAI.asset using Guid(02ffae24e4b86c8999269fcd20298acc) Importer(815301076,1909f56bfc062723c751e8b465ee728b)  -> (artifact id: '18f3549851496027630f8b3f37cf6ae7') in 0,037235 seconds
  Import took 0,040322 seconds .

========================================================================
Received Import Request.
  Time since last request: 3,175644 seconds.
  path: Assets/Bolt scripts/mopAI.asset
  artifactKey: Guid(02ffae24e4b86c8999269fcd20298acc) Importer(815301076,1909f56bfc062723c751e8b465ee728b)
Start importing Assets/Bolt scripts/mopAI.asset using Guid(02ffae24e4b86c8999269fcd20298acc) Importer(815301076,1909f56bfc062723c751e8b465ee728b)  -> (artifact id: '378db270eaad9fe79e28a8372fa1587a') in 0,036557 seconds
  Import took 0,039776 seconds .

========================================================================
Received Import Request.
  Time since last request: 9,138469 seconds.
  path: Assets/Bolt scripts/mopAI.asset
  artifactKey: Guid(02ffae24e4b86c8999269fcd20298acc) Importer(815301076,1909f56bfc062723c751e8b465ee728b)
Start importing Assets/Bolt scripts/mopAI.asset using Guid(02ffae24e4b86c8999269fcd20298acc) Importer(815301076,1909f56bfc062723c751e8b465ee728b)  -> (artifact id: '70399e1947b4cc0c8e5b595a424716ae') in 0,038031 seconds
  Import took 0,041238 seconds .

========================================================================
Received Import Request.
  Time since last request: 2,854076 seconds.
  path: Assets/Bolt scripts/mopAI.asset
  artifactKey: Guid(02ffae24e4b86c8999269fcd20298acc) Importer(815301076,1909f56bfc062723c751e8b465ee728b)
Start importing Assets/Bolt scripts/mopAI.asset using Guid(02ffae24e4b86c8999269fcd20298acc) Importer(815301076,1909f56bfc062723c751e8b465ee728b)  -> (artifact id: '23cac47b605bce5f5a2f16483d9d5735') in 0,039964 seconds
  Import took 0,043181 seconds .

========================================================================
Received Import Request.
  Time since last request: 8,246739 seconds.
  path: Assets/Bolt scripts/mopAI.asset
  artifactKey: Guid(02ffae24e4b86c8999269fcd20298acc) Importer(815301076,1909f56bfc062723c751e8b465ee728b)
Start importing Assets/Bolt scripts/mopAI.asset using Guid(02ffae24e4b86c8999269fcd20298acc) Importer(815301076,1909f56bfc062723c751e8b465ee728b)  -> (artifact id: 'fb46f8ece6adf37378bbbfb0cc6f6384') in 0,039513 seconds
  Import took 0,042685 seconds .

========================================================================
Received Import Request.
  Time since last request: 3,251164 seconds.
  path: Assets/Bolt scripts/mopAI.asset
  artifactKey: Guid(02ffae24e4b86c8999269fcd20298acc) Importer(815301076,1909f56bfc062723c751e8b465ee728b)
Start importing Assets/Bolt scripts/mopAI.asset using Guid(02ffae24e4b86c8999269fcd20298acc) Importer(815301076,1909f56bfc062723c751e8b465ee728b)  -> (artifact id: 'f65b3b9dba656460a6a02b7b6fc25d6b') in 0,034878 seconds
  Import took 0,038022 seconds .

========================================================================
Received Import Request.
  Time since last request: 4,056382 seconds.
  path: Assets/Bolt scripts/mopAI.asset
  artifactKey: Guid(02ffae24e4b86c8999269fcd20298acc) Importer(815301076,1909f56bfc062723c751e8b465ee728b)
Start importing Assets/Bolt scripts/mopAI.asset using Guid(02ffae24e4b86c8999269fcd20298acc) Importer(815301076,1909f56bfc062723c751e8b465ee728b)  -> (artifact id: '9daf69a5fdd857252a2df5bc8e4bda7f') in 0,037982 seconds
  Import took 0,041116 seconds .

========================================================================
Received Import Request.
  Time since last request: 3,259455 seconds.
  path: Assets/Bolt scripts/mopAI.asset
  artifactKey: Guid(02ffae24e4b86c8999269fcd20298acc) Importer(815301076,1909f56bfc062723c751e8b465ee728b)
Start importing Assets/Bolt scripts/mopAI.asset using Guid(02ffae24e4b86c8999269fcd20298acc) Importer(815301076,1909f56bfc062723c751e8b465ee728b)  -> (artifact id: 'df75df346960f3e81b5293c3abab277a') in 0,033876 seconds
  Import took 0,037131 seconds .

========================================================================
Received Import Request.
  Time since last request: 4,335918 seconds.
  path: Assets/Bolt scripts/mopAI.asset
  artifactKey: Guid(02ffae24e4b86c8999269fcd20298acc) Importer(815301076,1909f56bfc062723c751e8b465ee728b)
Start importing Assets/Bolt scripts/mopAI.asset using Guid(02ffae24e4b86c8999269fcd20298acc) Importer(815301076,1909f56bfc062723c751e8b465ee728b)  -> (artifact id: '489e43d04462b646b628a0d5900f34a6') in 0,040248 seconds
  Import took 0,043409 seconds .

========================================================================
Received Import Request.
  Time since last request: 3,066545 seconds.
  path: Assets/Bolt scripts/mopAI.asset
  artifactKey: Guid(02ffae24e4b86c8999269fcd20298acc) Importer(815301076,1909f56bfc062723c751e8b465ee728b)
Start importing Assets/Bolt scripts/mopAI.asset using Guid(02ffae24e4b86c8999269fcd20298acc) Importer(815301076,1909f56bfc062723c751e8b465ee728b)  -> (artifact id: '0555c003f1db822646adad051b14c1b2') in 0,039064 seconds
  Import took 0,042276 seconds .

========================================================================
Received Import Request.
  Time since last request: 4,193988 seconds.
  path: Assets/Bolt scripts/mopAI.asset
  artifactKey: Guid(02ffae24e4b86c8999269fcd20298acc) Importer(815301076,1909f56bfc062723c751e8b465ee728b)
Start importing Assets/Bolt scripts/mopAI.asset using Guid(02ffae24e4b86c8999269fcd20298acc) Importer(815301076,1909f56bfc062723c751e8b465ee728b)  -> (artifact id: 'e2dd76e294c1055fd64163cd1f5d1519') in 0,034017 seconds
  Import took 0,037190 seconds .

========================================================================
Received Prepare
Registering precompiled user dll's ...
Registered in 0,003639 seconds.
Begin MonoManager ReloadAssembly
Native extension for LinuxStandalone target not found
Refreshing native plugins compatible for Editor in 0,45 ms, found 0 plugins.
Preloading 0 native plugins for Editor in 0,00 ms.
Mono: successfully reloaded assembly
- Completed reload, in  1,024 seconds
Platform modules already initialized, skipping
Refreshing native plugins compatible for Editor in 0,40 ms, found 0 plugins.
Preloading 0 native plugins for Editor in 0,00 ms.
Unloading 1126 Unused Serialized files (Serialized files now loaded: 0)
System memory in use before: 64,7 MB.
System memory in use after: 64,7 MB.

Unloading 21 unused Assets to reduce memory usage. Loaded Objects now: 1723.
Total: 3,080961 ms (FindLiveObjects: 0,166040 ms CreateObjectMapping: 0,039220 ms MarkObjects: 2,710661 ms  DeleteObjects: 0,163650 ms)

========================================================================
Received Import Request.
  Time since last request: 79,002874 seconds.
  path: Assets/Bolt scripts/mopAI.asset
  artifactKey: Guid(02ffae24e4b86c8999269fcd20298acc) Importer(815301076,1909f56bfc062723c751e8b465ee728b)
Start importing Assets/Bolt scripts/mopAI.asset using Guid(02ffae24e4b86c8999269fcd20298acc) Importer(815301076,1909f56bfc062723c751e8b465ee728b)  -> (artifact id: '606a11433cb6a908a528034f0caf7bfe') in 0,809497 seconds
  Import took 0,812632 seconds .

========================================================================
Received Prepare
Registering precompiled user dll's ...
Registered in 0,003648 seconds.
Begin MonoManager ReloadAssembly
Native extension for LinuxStandalone target not found
Refreshing native plugins compatible for Editor in 0,34 ms, found 0 plugins.
Preloading 0 native plugins for Editor in 0,00 ms.
Mono: successfully reloaded assembly
- Completed reload, in  0,908 seconds
Platform modules already initialized, skipping
Refreshing native plugins compatible for Editor in 0,35 ms, found 0 plugins.
Preloading 0 native plugins for Editor in 0,00 ms.
Unloading 1126 Unused Serialized files (Serialized files now loaded: 0)
System memory in use before: 64,7 MB.
System memory in use after: 64,7 MB.

Unloading 21 unused Assets to reduce memory usage. Loaded Objects now: 1726.
Total: 4,966852 ms (FindLiveObjects: 0,277471 ms CreateObjectMapping: 0,062530 ms MarkObjects: 4,431901 ms  DeleteObjects: 0,192850 ms)

========================================================================
Received Import Request.
  Time since last request: 177,277556 seconds.
  path: Assets/Bolt scripts/Trail FX/catPoopedTrailCtrl.asset
  artifactKey: Guid(c57f3217d60e76525bce650c8a755dd8) Importer(815301076,1909f56bfc062723c751e8b465ee728b)
Start importing Assets/Bolt scripts/Trail FX/catPoopedTrailCtrl.asset using Guid(c57f3217d60e76525bce650c8a755dd8) Importer(815301076,1909f56bfc062723c751e8b465ee728b)  -> (artifact id: 'f54da7b9d0c659530499016a228ea1d4') in 0,775329 seconds
  Import took 0,778393 seconds .

========================================================================
Received Import Request.
  Time since last request: 0,000255 seconds.
  path: Assets/Bolt scripts/Trail FX/poopedTrailCtrl.asset
  artifactKey: Guid(56887c80edafda9319d4d9bea39f66f0) Importer(815301076,1909f56bfc062723c751e8b465ee728b)
Start importing Assets/Bolt scripts/Trail FX/poopedTrailCtrl.asset using Guid(56887c80edafda9319d4d9bea39f66f0) Importer(815301076,1909f56bfc062723c751e8b465ee728b)  -> (artifact id: '0c9398e222e1e467709bc7b41f4a97af') in 0,024020 seconds
  Import took 0,025699 seconds .

========================================================================
Received Import Request.
  Time since last request: 57,621164 seconds.
  path: Assets/Prefabs/FIlth sources/Cat poop/Cat pooped.prefab
  artifactKey: Guid(c268f1f56a39f47b4a1374c5c2bdb279) Importer(815301076,1909f56bfc062723c751e8b465ee728b)
Start importing Assets/Prefabs/FIlth sources/Cat poop/Cat pooped.prefab using Guid(c268f1f56a39f47b4a1374c5c2bdb279) Importer(815301076,1909f56bfc062723c751e8b465ee728b)  -> (artifact id: 'bd5413cd83e988a2c394cd7498c89a41') in 0,111023 seconds
  Import took 0,114270 seconds .

========================================================================
Received Import Request.
  Time since last request: 13,993736 seconds.
  path: Assets/Prefabs/FIlth sources/Poop/Pooped.prefab
  artifactKey: Guid(173bb19b5d07f176dac424d8784b0d45) Importer(815301076,1909f56bfc062723c751e8b465ee728b)
Start importing Assets/Prefabs/FIlth sources/Poop/Pooped.prefab using Guid(173bb19b5d07f176dac424d8784b0d45) Importer(815301076,1909f56bfc062723c751e8b465ee728b)  -> (artifact id: '674834fafdafd3d4fe0a3b4ac7eb32af') in 0,013261 seconds
  Import took 0,016632 seconds .

========================================================================
Received Import Request.
  Time since last request: 0,005244 seconds.
  path: Assets/Prefabs/FIlth sources/Poop/Pooped.prefab
  artifactKey: Guid(173bb19b5d07f176dac424d8784b0d45) Importer(815301076,1909f56bfc062723c751e8b465ee728b)
Start importing Assets/Prefabs/FIlth sources/Poop/Pooped.prefab using Guid(173bb19b5d07f176dac424d8784b0d45) Importer(815301076,1909f56bfc062723c751e8b465ee728b)  -> (artifact id: '674834fafdafd3d4fe0a3b4ac7eb32af') in 0,012061 seconds
  Import took 0,013999 seconds .

========================================================================
Received Prepare
Registering precompiled user dll's ...
Registered in 0,003640 seconds.
Begin MonoManager ReloadAssembly
Native extension for LinuxStandalone target not found
Refreshing native plugins compatible for Editor in 0,36 ms, found 0 plugins.
Preloading 0 native plugins for Editor in 0,00 ms.
Mono: successfully reloaded assembly
- Completed reload, in  0,896 seconds
Platform modules already initialized, skipping
Refreshing native plugins compatible for Editor in 0,34 ms, found 0 plugins.
Preloading 0 native plugins for Editor in 0,00 ms.
Unloading 1126 Unused Serialized files (Serialized files now loaded: 0)
System memory in use before: 66,1 MB.
System memory in use after: 66,1 MB.

Unloading 21 unused Assets to reduce memory usage. Loaded Objects now: 1737.
Total: 5,505492 ms (FindLiveObjects: 0,285350 ms CreateObjectMapping: 0,071340 ms MarkObjects: 4,892222 ms  DeleteObjects: 0,254690 ms)

========================================================================
Received Prepare
Registering precompiled user dll's ...
Registered in 0,003664 seconds.
Begin MonoManager ReloadAssembly
Native extension for LinuxStandalone target not found
Refreshing native plugins compatible for Editor in 0,39 ms, found 0 plugins.
Preloading 0 native plugins for Editor in 0,00 ms.
Mono: successfully reloaded assembly
- Completed reload, in  0,938 seconds
Platform modules already initialized, skipping
Refreshing native plugins compatible for Editor in 0,35 ms, found 0 plugins.
Preloading 0 native plugins for Editor in 0,00 ms.
Unloading 1126 Unused Serialized files (Serialized files now loaded: 0)
System memory in use before: 66,1 MB.
System memory in use after: 66,1 MB.

Unloading 21 unused Assets to reduce memory usage. Loaded Objects now: 1740.
Total: 3,210781 ms (FindLiveObjects: 0,217220 ms CreateObjectMapping: 0,043090 ms MarkObjects: 2,747431 ms  DeleteObjects: 0,200880 ms)

========================================================================
Received Prepare
Registering precompiled user dll's ...
Registered in 0,003640 seconds.
Begin MonoManager ReloadAssembly
Native extension for LinuxStandalone target not found
Refreshing native plugins compatible for Editor in 0,39 ms, found 0 plugins.
Preloading 0 native plugins for Editor in 0,00 ms.
Mono: successfully reloaded assembly
- Completed reload, in  0,925 seconds
Platform modules already initialized, skipping
Refreshing native plugins compatible for Editor in 0,33 ms, found 0 plugins.
Preloading 0 native plugins for Editor in 0,00 ms.
Unloading 1126 Unused Serialized files (Serialized files now loaded: 0)
System memory in use before: 66,1 MB.
System memory in use after: 66,1 MB.

Unloading 21 unused Assets to reduce memory usage. Loaded Objects now: 1743.
Total: 4,990561 ms (FindLiveObjects: 0,288900 ms CreateObjectMapping: 0,072110 ms MarkObjects: 4,430551 ms  DeleteObjects: 0,197410 ms)

========================================================================
Received Prepare
Registering precompiled user dll's ...
Registered in 0,003606 seconds.
Begin MonoManager ReloadAssembly
Native extension for LinuxStandalone target not found
Refreshing native plugins compatible for Editor in 0,37 ms, found 0 plugins.
Preloading 0 native plugins for Editor in 0,00 ms.
Mono: successfully reloaded assembly
- Completed reload, in  1,013 seconds
Platform modules already initialized, skipping
Refreshing native plugins compatible for Editor in 0,44 ms, found 0 plugins.
Preloading 0 native plugins for Editor in 0,00 ms.
Unloading 1126 Unused Serialized files (Serialized files now loaded: 0)
System memory in use before: 66,1 MB.
System memory in use after: 66,1 MB.

Unloading 21 unused Assets to reduce memory usage. Loaded Objects now: 1746.
Total: 4,417921 ms (FindLiveObjects: 0,271190 ms CreateObjectMapping: 0,037180 ms MarkObjects: 3,920651 ms  DeleteObjects: 0,187180 ms)

AssetImportWorkerClient::OnTransportError - code=2 error=End of file
