Using pre-set license
Desktop is 1920 x 1080 @ 60 Hz

 COMMAND LINE ARGUMENTS:
Unity
-adb2
-batchMode
-noUpm
-name
AssetImportWorker0
-projectPath
/home/conundroy/Documents/Unity/Projects/In Deep Shit backup 8
-logFile
Logs/AssetImportWorker0.log
-srvPort
33933
Successfully changed project path to: /home/conundroy/Documents/Unity/Projects/In Deep Shit backup 8
/home/conundroy/Documents/Unity/Projects/In Deep Shit backup 8
Using Asset Import Pipeline V2.
Refreshing native plugins compatible for Editor in 45,53 ms, found 0 plugins.
Preloading 0 native plugins for Editor in 0,00 ms.
Initialize engine version: 2020.3.6f1 (338bb68529b2)
[Subsystems] Discovering subsystems at path /home/conundroy/Documents/Unity/2020.3.6f1/Editor/Data/Resources/UnitySubsystems
[Subsystems] Discovering subsystems at path /home/conundroy/Documents/Unity/Projects/In Deep Shit backup 8/Assets
GLX Extensions: GLX_ARB_create_context GLX_ARB_create_context_no_error GLX_ARB_create_context_profile GLX_ARB_create_context_robustness GLX_ARB_fbconfig_float GLX_ARB_framebuffer_sRGB GLX_ARB_get_proc_address GLX_ARB_multisample GLX_EXT_buffer_age GLX_EXT_create_context_es2_profile GLX_EXT_create_context_es_profile GLX_EXT_fbconfig_packed_float GLX_EXT_framebuffer_sRGB GLX_EXT_import_context GLX_EXT_no_config_context GLX_EXT_swap_control GLX_EXT_swap_control_tear GLX_EXT_texture_from_pixmap GLX_EXT_visual_info GLX_EXT_visual_rating GLX_INTEL_swap_event GLX_MESA_copy_sub_buffer GLX_MESA_query_renderer GLX_MESA_swap_control GLX_OML_swap_method GLX_OML_sync_control GLX_SGIS_multisample GLX_SGIX_fbconfig GLX_SGIX_pbuffer GLX_SGIX_visual_select_group GLX_SGI_make_current_read GLX_SGI_swap_control GLX_SGI_video_sync 
Renderer: Radeon RX 570 Series (POLARIS10, DRM 3.35.0, 5.4.0-91-generic, LLVM 13.0.0)
Vendor:   AMD
Version:  4.6 (Core Profile) Mesa 21.3.1 - kisak-mesa PPA
GLES:     0
 GL_AMD_conservative_depth GL_AMD_depth_clamp_separate GL_AMD_draw_buffers_blend GL_AMD_framebuffer_multisample_advanced GL_AMD_gpu_shader_int64 GL_AMD_multi_draw_indirect GL_AMD_performance_monitor GL_AMD_pinned_memory GL_AMD_query_buffer_object GL_AMD_seamless_cubemap_per_texture GL_AMD_shader_stencil_export GL_AMD_shader_trinary_minmax GL_AMD_texture_texture4 GL_AMD_vertex_shader_layer GL_AMD_vertex_shader_viewport_index GL_ANGLE_texture_compression_dxt3 GL_ANGLE_texture_compression_dxt5 GL_ARB_ES2_compatibility GL_ARB_ES3_1_compatibility GL_ARB_ES3_2_compatibility GL_ARB_ES3_compatibility GL_ARB_arrays_of_arrays GL_ARB_base_instance GL_ARB_bindless_texture GL_ARB_blend_func_extended GL_ARB_buffer_storage GL_ARB_clear_buffer_object GL_ARB_clear_texture GL_ARB_clip_control GL_ARB_color_buffer_float GL_ARB_compressed_texture_pixel_storage GL_ARB_compute_shader GL_ARB_compute_variable_group_size GL_ARB_conditional_render_inverted GL_ARB_conservative_depth GL_ARB_copy_buffer GL_ARB_copy_image GL_ARB_cull_dist
ance GL_ARB_debug_output GL_ARB_depth_buffer_float GL_ARB_depth_clamp GL_ARB_derivative_control GL_ARB_direct_state_access GL_ARB_draw_buffers GL_ARB_draw_buffers_blend GL_ARB_draw_elements_base_vertex GL_ARB_draw_indirect GL_ARB_draw_instanced GL_ARB_enhanced_layouts GL_ARB_explicit_attrib_location GL_ARB_explicit_uniform_location GL_ARB_fragment_coord_conventions GL_ARB_fragment_layer_viewport GL_ARB_fragment_shader GL_ARB_framebuffer_no_attachments GL_ARB_framebuffer_object GL_ARB_framebuffer_sRGB GL_ARB_get_program_binary GL_ARB_get_texture_sub_image GL_ARB_gl_spirv GL_ARB_gpu_shader5 GL_ARB_gpu_shader_fp64 GL_ARB_gpu_shader_int64 GL_ARB_half_float_pixel GL_ARB_half_float_vertex GL_ARB_indirect_parameters GL_ARB_instanced_arrays GL_ARB_internalformat_query GL_ARB_internalformat_query2 GL_ARB_invalidate_subdata GL_ARB_map_buffer_alignment GL_ARB_map_buffer_range GL_ARB_multi_bind GL_ARB_multi_draw_indirect GL_ARB_occlusion_query2 GL_ARB_parallel_shader_compile GL_ARB_pipeline_statistics_query GL_ARB_pixel
_buffer_object GL_ARB_point_sprite GL_ARB_polygon_offset_clamp GL_ARB_program_interface_query GL_ARB_provoking_vertex GL_ARB_query_buffer_object GL_ARB_robust_buffer_access_behavior GL_ARB_robustness GL_ARB_sample_shading GL_ARB_sampler_objects GL_ARB_seamless_cube_map GL_ARB_seamless_cubemap_per_texture GL_ARB_separate_shader_objects GL_ARB_shader_atomic_counter_ops GL_ARB_shader_atomic_counters GL_ARB_shader_ballot GL_ARB_shader_bit_encoding GL_ARB_shader_clock GL_ARB_shader_draw_parameters GL_ARB_shader_group_vote GL_ARB_shader_image_load_store GL_ARB_shader_image_size GL_ARB_shader_objects GL_ARB_shader_precision GL_ARB_shader_stencil_export GL_ARB_shader_storage_buffer_object GL_ARB_shader_subroutine GL_ARB_shader_texture_image_samples GL_ARB_shader_texture_lod GL_ARB_shader_viewport_layer_array GL_ARB_shading_language_420pack GL_ARB_shading_language_include GL_ARB_shading_language_packing GL_ARB_spirv_extensions GL_ARB_stencil_texturing GL_ARB_sync GL_ARB_tessellation_shader GL_ARB_texture_barrier GL_A
RB_texture_buffer_object GL_ARB_texture_buffer_object_rgb32 GL_ARB_texture_buffer_range GL_ARB_texture_compression_bptc GL_ARB_texture_compression_rgtc GL_ARB_texture_cube_map_array GL_ARB_texture_filter_anisotropic GL_ARB_texture_float GL_ARB_texture_gather GL_ARB_texture_mirror_clamp_to_edge GL_ARB_texture_multisample GL_ARB_texture_non_power_of_two GL_ARB_texture_query_levels GL_ARB_texture_query_lod GL_ARB_texture_rectangle GL_ARB_texture_rg GL_ARB_texture_rgb10_a2ui GL_ARB_texture_stencil8 GL_ARB_texture_storage GL_ARB_texture_storage_multisample GL_ARB_texture_swizzle GL_ARB_texture_view GL_ARB_timer_query GL_ARB_transform_feedback2 GL_ARB_transform_feedback3 GL_ARB_transform_feedback_instanced GL_ARB_transform_feedback_overflow_query GL_ARB_uniform_buffer_object GL_ARB_vertex_array_bgra GL_ARB_vertex_array_object GL_ARB_vertex_attrib_64bit GL_ARB_vertex_attrib_binding GL_ARB_vertex_buffer_object GL_ARB_vertex_shader GL_ARB_vertex_type_10f_11f_11f_rev GL_ARB_vertex_type_2_10_10_10_rev GL_ARB_viewport_a
rray GL_ATI_blend_equation_separate GL_ATI_meminfo GL_ATI_texture_float GL_ATI_texture_mirror_once GL_EXT_EGL_image_storage GL_EXT_EGL_sync GL_EXT_abgr GL_EXT_blend_equation_separate GL_EXT_demote_to_helper_invocation GL_EXT_depth_bounds_test GL_EXT_draw_buffers2 GL_EXT_draw_instanced GL_EXT_framebuffer_blit GL_EXT_framebuffer_multisample GL_EXT_framebuffer_multisample_blit_scaled GL_EXT_framebuffer_object GL_EXT_framebuffer_sRGB GL_EXT_memory_object GL_EXT_memory_object_fd GL_EXT_packed_depth_stencil GL_EXT_packed_float GL_EXT_pixel_buffer_object GL_EXT_polygon_offset_clamp GL_EXT_provoking_vertex GL_EXT_semaphore GL_EXT_semaphore_fd GL_EXT_shader_image_load_formatted GL_EXT_shader_image_load_store GL_EXT_shader_integer_mix GL_EXT_shader_samples_identical GL_EXT_texture_array GL_EXT_texture_compression_dxt1 GL_EXT_texture_compression_rgtc GL_EXT_texture_compression_s3tc GL_EXT_texture_filter_anisotropic GL_EXT_texture_integer GL_EXT_texture_mirror_clamp GL_EXT_texture_sRGB GL_EXT_texture_sRGB_R8 GL_EXT_text
ure_sRGB_decode GL_EXT_texture_shadow_lod GL_EXT_texture_shared_exponent GL_EXT_texture_snorm GL_EXT_texture_swizzle GL_EXT_timer_query GL_EXT_transform_feedback GL_EXT_vertex_array_bgra GL_EXT_vertex_attrib_64bit GL_EXT_window_rectangles GL_IBM_multimode_draw_arrays GL_INTEL_blackhole_render GL_KHR_blend_equation_advanced GL_KHR_context_flush_control GL_KHR_debug GL_KHR_no_error GL_KHR_parallel_shader_compile GL_KHR_robust_buffer_access_behavior GL_KHR_robustness GL_KHR_texture_compression_astc_ldr GL_KHR_texture_compression_astc_sliced_3d GL_MESA_framebuffer_flip_y GL_MESA_pack_invert GL_MESA_shader_integer_functions GL_MESA_texture_signed_rgba GL_NVX_gpu_memory_info GL_NV_alpha_to_coverage_dither_control GL_NV_compute_shader_derivatives GL_NV_conditional_render GL_NV_copy_image GL_NV_depth_clamp GL_NV_packed_depth_stencil GL_NV_shader_atomic_int64 GL_NV_texture_barrier GL_NV_vdpau_interop GL_OES_EGL_image GL_S3_s3tc
OPENGL LOG: Creating OpenGL 4.6 graphics device ; Context level  <OpenGL 4.5> ; Context handle -1182617328
Shader 'Universal Render Pipeline/Particles/Lit': fallback shader 'Universal Render Pipeline/Particles/SimpleLit' not found
Initialize mono
Mono path[0] = '/home/conundroy/Documents/Unity/2020.3.6f1/Editor/Data/Managed'
Mono path[1] = '/home/conundroy/Documents/Unity/2020.3.6f1/Editor/Data/MonoBleedingEdge/lib/mono/unityjit'
Mono config path = '/home/conundroy/Documents/Unity/2020.3.6f1/Editor/Data/MonoBleedingEdge/etc'
Using monoOptions --debugger-agent=transport=dt_socket,embedding=1,server=y,suspend=n,address=127.0.0.1:56435
Begin MonoManager ReloadAssembly
Registering precompiled unity dll's ...
Register platform support module: /home/conundroy/Documents/Unity/2020.3.6f1/Editor/Data/PlaybackEngines/LinuxStandaloneSupport/UnityEditor.LinuxStandalone.Extensions.dll
Registered in 0,001670 seconds.
Native extension for LinuxStandalone target not found
Refreshing native plugins compatible for Editor in 46,03 ms, found 0 plugins.
Preloading 0 native plugins for Editor in 0,00 ms.
Mono: successfully reloaded assembly
- Completed reload, in  1,299 seconds
Platform modules already initialized, skipping
Registering precompiled user dll's ...
Registered in 0,004578 seconds.
Begin MonoManager ReloadAssembly
Native extension for LinuxStandalone target not found
Refreshing native plugins compatible for Editor in 46,48 ms, found 0 plugins.
Preloading 0 native plugins for Editor in 0,00 ms.
Mono: successfully reloaded assembly
- Completed reload, in  1,099 seconds
Platform modules already initialized, skipping
========================================================================
Worker process is ready to serve import requests
Shader 'Universal Render Pipeline/Particles/Lit': fallback shader 'Universal Render Pipeline/Particles/SimpleLit' not found
Launched and connected shader compiler UnityShaderCompiler after 0.01 seconds
Refreshing native plugins compatible for Editor in 0,70 ms, found 0 plugins.
Preloading 0 native plugins for Editor in 0,00 ms.
Unloading 2385 Unused Serialized files (Serialized files now loaded: 0)
System memory in use before: 116,5 MB.
System memory in use after: 116,5 MB.

Unloading 27 unused Assets to reduce memory usage. Loaded Objects now: 2922.
Total: 6,162143 ms (FindLiveObjects: 0,383930 ms CreateObjectMapping: 0,164090 ms MarkObjects: 5,214453 ms  DeleteObjects: 0,397780 ms)

========================================================================
Received Import Request.
  path: Assets/butt_walk 2.fbx
  artifactKey: Guid(d196ca44163d8e549b5b7e129a4d4fba) Importer(815301076,1909f56bfc062723c751e8b465ee728b)
Start importing Assets/butt_walk 2.fbx using Guid(d196ca44163d8e549b5b7e129a4d4fba) Importer(815301076,1909f56bfc062723c751e8b465ee728b)  -> (artifact id: 'abd8aad931c9b52c6dd4d82bd383d07f') in 0,121496 seconds
  Import took 0,127653 seconds .

========================================================================
Received Import Request.
  Time since last request: 131,091760 seconds.
  path: Assets/New Animator Controller.controller
  artifactKey: Guid(17a0d151bbc5f80da9c12c80c495edf3) Importer(815301076,1909f56bfc062723c751e8b465ee728b)
Start importing Assets/New Animator Controller.controller using Guid(17a0d151bbc5f80da9c12c80c495edf3) Importer(815301076,1909f56bfc062723c751e8b465ee728b)  -> (artifact id: '1a7e9e6a71abfa03146cee904a7cfa16') in 0,007015 seconds
  Import took 0,012975 seconds .

========================================================================
Received Import Request.
  Time since last request: 0,670521 seconds.
  path: Assets/tutorial.unity
  artifactKey: Guid(a2e554c33815901f89214e569cc0a737) Importer(815301076,1909f56bfc062723c751e8b465ee728b)
Start importing Assets/tutorial.unity using Guid(a2e554c33815901f89214e569cc0a737) Importer(815301076,1909f56bfc062723c751e8b465ee728b)  -> (artifact id: 'b7cac0f90b96e6c1359489b3bd1d7273') in 0,002617 seconds
  Import took 0,010945 seconds .

========================================================================
Received Import Request.
  Time since last request: 0,008235 seconds.
  path: Assets/tutorial.unity
  artifactKey: Guid(a2e554c33815901f89214e569cc0a737) Importer(815301076,1909f56bfc062723c751e8b465ee728b)
Start importing Assets/tutorial.unity using Guid(a2e554c33815901f89214e569cc0a737) Importer(815301076,1909f56bfc062723c751e8b465ee728b)  -> (artifact id: 'b7cac0f90b96e6c1359489b3bd1d7273') in 0,002227 seconds
  Import took 0,008164 seconds .

========================================================================
Received Import Request.
  Time since last request: 8,536152 seconds.
  path: Assets/Animation
  artifactKey: Guid(7de652284b8fc742bbbb31bbdbb067f5) Importer(815301076,1909f56bfc062723c751e8b465ee728b)
Start importing Assets/Animation using Guid(7de652284b8fc742bbbb31bbdbb067f5) Importer(815301076,1909f56bfc062723c751e8b465ee728b)  -> (artifact id: 'bcad1196c73c2e7042a6a583c33ebb8e') in 0,003175 seconds
  Import took 0,011543 seconds .

========================================================================
Received Import Request.
  Time since last request: 0,008861 seconds.
  path: Assets/Animation
  artifactKey: Guid(7de652284b8fc742bbbb31bbdbb067f5) Importer(815301076,1909f56bfc062723c751e8b465ee728b)
Start importing Assets/Animation using Guid(7de652284b8fc742bbbb31bbdbb067f5) Importer(815301076,1909f56bfc062723c751e8b465ee728b)  -> (artifact id: 'bcad1196c73c2e7042a6a583c33ebb8e') in 0,001778 seconds
  Import took 0,007279 seconds .

========================================================================
Received Import Request.
  Time since last request: 8,589981 seconds.
  path: Assets/Animation/New Animator Controller.controller
  artifactKey: Guid(17a0d151bbc5f80da9c12c80c495edf3) Importer(815301076,1909f56bfc062723c751e8b465ee728b)
Start importing Assets/Animation/New Animator Controller.controller using Guid(17a0d151bbc5f80da9c12c80c495edf3) Importer(815301076,1909f56bfc062723c751e8b465ee728b)  -> (artifact id: '9306f7039cb27fc5202f47fd445a3eac') in 0,005346 seconds
  Import took 0,011462 seconds .

========================================================================
Received Import Request.
  Time since last request: 35,600209 seconds.
  path: Assets/Animation/New Animator Controller.controller
  artifactKey: Guid(17a0d151bbc5f80da9c12c80c495edf3) Importer(815301076,1909f56bfc062723c751e8b465ee728b)
Start importing Assets/Animation/New Animator Controller.controller using Guid(17a0d151bbc5f80da9c12c80c495edf3) Importer(815301076,1909f56bfc062723c751e8b465ee728b)  -> (artifact id: 'eb250278ab2fbeb9e451335091a4cbf5') in 0,005466 seconds
  Import took 0,011537 seconds .

========================================================================
Received Import Request.
  Time since last request: 11,823666 seconds.
  path: Assets/Animation/butt_walk 2.fbx
  artifactKey: Guid(d196ca44163d8e549b5b7e129a4d4fba) Importer(815301076,1909f56bfc062723c751e8b465ee728b)
Start importing Assets/Animation/butt_walk 2.fbx using Guid(d196ca44163d8e549b5b7e129a4d4fba) Importer(815301076,1909f56bfc062723c751e8b465ee728b)  -> (artifact id: '1c38f8850eef3aa354b6fdd2372d5028') in 0,017869 seconds
  Import took 0,024258 seconds .

========================================================================
Received Import Request.
  Time since last request: 0,008495 seconds.
  path: Assets/Animation/butt_walk 2.fbx
  artifactKey: Guid(d196ca44163d8e549b5b7e129a4d4fba) Importer(815301076,1909f56bfc062723c751e8b465ee728b)
Start importing Assets/Animation/butt_walk 2.fbx using Guid(d196ca44163d8e549b5b7e129a4d4fba) Importer(815301076,1909f56bfc062723c751e8b465ee728b)  -> (artifact id: '1c38f8850eef3aa354b6fdd2372d5028') in 0,016220 seconds
  Import took 0,020197 seconds .

========================================================================
Received Import Request.
  Time since last request: 18,349790 seconds.
  path: Assets/Animation/butt_walk 2.fbx
  artifactKey: Guid(d196ca44163d8e549b5b7e129a4d4fba) Importer(815301076,1909f56bfc062723c751e8b465ee728b)
Start importing Assets/Animation/butt_walk 2.fbx using Guid(d196ca44163d8e549b5b7e129a4d4fba) Importer(815301076,1909f56bfc062723c751e8b465ee728b)  -> (artifact id: '1745d6a135d61edcc666b87ef90ac159') in 0,023376 seconds
  Import took 0,029679 seconds .

========================================================================
Received Import Request.
  Time since last request: 0,001279 seconds.
  path: Assets/Animation/butt_walk 2.fbx
  artifactKey: Guid(d196ca44163d8e549b5b7e129a4d4fba) Importer(815301076,1909f56bfc062723c751e8b465ee728b)
Start importing Assets/Animation/butt_walk 2.fbx using Guid(d196ca44163d8e549b5b7e129a4d4fba) Importer(815301076,1909f56bfc062723c751e8b465ee728b)  -> (artifact id: '1745d6a135d61edcc666b87ef90ac159') in 0,013973 seconds
  Import took 0,017553 seconds .

========================================================================
Received Import Request.
  Time since last request: 19,888455 seconds.
  path: Assets/Animation/New Animator Controller.controller
  artifactKey: Guid(17a0d151bbc5f80da9c12c80c495edf3) Importer(815301076,1909f56bfc062723c751e8b465ee728b)
Start importing Assets/Animation/New Animator Controller.controller using Guid(17a0d151bbc5f80da9c12c80c495edf3) Importer(815301076,1909f56bfc062723c751e8b465ee728b)  -> (artifact id: '80d06cbc393410841155a0efd3f13d98') in 0,005604 seconds
  Import took 0,012140 seconds .

========================================================================
Received Prepare
Registering precompiled user dll's ...
Registered in 0,004246 seconds.
Begin MonoManager ReloadAssembly
Native extension for LinuxStandalone target not found
Refreshing native plugins compatible for Editor in 0,54 ms, found 0 plugins.
Preloading 0 native plugins for Editor in 0,00 ms.
Mono: successfully reloaded assembly
- Completed reload, in  0,994 seconds
Platform modules already initialized, skipping
Shader 'Universal Render Pipeline/Particles/Lit': fallback shader 'Universal Render Pipeline/Particles/SimpleLit' not found
Refreshing native plugins compatible for Editor in 0,54 ms, found 0 plugins.
Preloading 0 native plugins for Editor in 0,00 ms.
Unloading 2325 Unused Serialized files (Serialized files now loaded: 0)
System memory in use before: 112,8 MB.
System memory in use after: 112,9 MB.

Unloading 22 unused Assets to reduce memory usage. Loaded Objects now: 2968.
Total: 6,484913 ms (FindLiveObjects: 0,466050 ms CreateObjectMapping: 0,148730 ms MarkObjects: 5,740163 ms  DeleteObjects: 0,128310 ms)

========================================================================
Received Import Request.
  Time since last request: 165,606799 seconds.
  path: Assets/Animation/butt anim.controller
  artifactKey: Guid(17a0d151bbc5f80da9c12c80c495edf3) Importer(815301076,1909f56bfc062723c751e8b465ee728b)
Start importing Assets/Animation/butt anim.controller using Guid(17a0d151bbc5f80da9c12c80c495edf3) Importer(815301076,1909f56bfc062723c751e8b465ee728b)  -> (artifact id: 'dbfcd1964a94e6a6652390098de1af49') in 0,015446 seconds
  Import took 0,021795 seconds .

========================================================================
Received Import Request.
  Time since last request: 0,926258 seconds.
  path: Assets/Animation/butt anim.controller
  artifactKey: Guid(17a0d151bbc5f80da9c12c80c495edf3) Importer(815301076,1909f56bfc062723c751e8b465ee728b)
Start importing Assets/Animation/butt anim.controller using Guid(17a0d151bbc5f80da9c12c80c495edf3) Importer(815301076,1909f56bfc062723c751e8b465ee728b)  -> (artifact id: 'ae72332b61ca739e15698a18a4e70ec8') in 0,005309 seconds
  Import took 0,011472 seconds .

========================================================================
Received Prepare
Registering precompiled user dll's ...
Registered in 0,004152 seconds.
Begin MonoManager ReloadAssembly
Native extension for LinuxStandalone target not found
Refreshing native plugins compatible for Editor in 0,57 ms, found 0 plugins.
Preloading 0 native plugins for Editor in 0,00 ms.
Mono: successfully reloaded assembly
- Completed reload, in  0,973 seconds
Platform modules already initialized, skipping
Shader 'Universal Render Pipeline/Particles/Lit': fallback shader 'Universal Render Pipeline/Particles/SimpleLit' not found
Refreshing native plugins compatible for Editor in 0,53 ms, found 0 plugins.
Preloading 0 native plugins for Editor in 0,00 ms.
Unloading 2325 Unused Serialized files (Serialized files now loaded: 0)
System memory in use before: 112,8 MB.
System memory in use after: 112,9 MB.

Unloading 22 unused Assets to reduce memory usage. Loaded Objects now: 2971.
Total: 6,694284 ms (FindLiveObjects: 0,467780 ms CreateObjectMapping: 0,148790 ms MarkObjects: 5,843284 ms  DeleteObjects: 0,232350 ms)

========================================================================
Received Import Request.
  Time since last request: 67,400706 seconds.
  path: Assets/Animation/butt_walk 2.fbx
  artifactKey: Guid(d196ca44163d8e549b5b7e129a4d4fba) Importer(815301076,1909f56bfc062723c751e8b465ee728b)
Start importing Assets/Animation/butt_walk 2.fbx using Guid(d196ca44163d8e549b5b7e129a4d4fba) Importer(815301076,1909f56bfc062723c751e8b465ee728b)  -> (artifact id: '1eb04981a7d77bf4c6c6906a1e5203b6') in 0,087095 seconds
  Import took 0,091344 seconds .

========================================================================
Received Import Request.
  Time since last request: 0,004288 seconds.
  path: Assets/Animation/butt_walk 2.fbx
  artifactKey: Guid(d196ca44163d8e549b5b7e129a4d4fba) Importer(815301076,1909f56bfc062723c751e8b465ee728b)
Start importing Assets/Animation/butt_walk 2.fbx using Guid(d196ca44163d8e549b5b7e129a4d4fba) Importer(815301076,1909f56bfc062723c751e8b465ee728b)  -> (artifact id: '1eb04981a7d77bf4c6c6906a1e5203b6') in 0,016247 seconds
  Import took 0,019641 seconds .

========================================================================
Received Prepare
Registering precompiled user dll's ...
Registered in 0,004187 seconds.
Begin MonoManager ReloadAssembly
Native extension for LinuxStandalone target not found
Refreshing native plugins compatible for Editor in 0,56 ms, found 0 plugins.
Preloading 0 native plugins for Editor in 0,00 ms.
Mono: successfully reloaded assembly
- Completed reload, in  0,984 seconds
Platform modules already initialized, skipping
Shader 'Universal Render Pipeline/Particles/Lit': fallback shader 'Universal Render Pipeline/Particles/SimpleLit' not found
Refreshing native plugins compatible for Editor in 0,52 ms, found 0 plugins.
Preloading 0 native plugins for Editor in 0,00 ms.
Unloading 2325 Unused Serialized files (Serialized files now loaded: 0)
System memory in use before: 112,8 MB.
System memory in use after: 112,9 MB.

Unloading 22 unused Assets to reduce memory usage. Loaded Objects now: 2975.
Total: 6,758653 ms (FindLiveObjects: 0,466460 ms CreateObjectMapping: 0,149750 ms MarkObjects: 5,906113 ms  DeleteObjects: 0,233840 ms)

========================================================================
Received Prepare
Registering precompiled user dll's ...
Registered in 0,004170 seconds.
Begin MonoManager ReloadAssembly
Native extension for LinuxStandalone target not found
Refreshing native plugins compatible for Editor in 0,52 ms, found 0 plugins.
Preloading 0 native plugins for Editor in 0,00 ms.
Mono: successfully reloaded assembly
- Completed reload, in  0,967 seconds
Platform modules already initialized, skipping
Shader 'Universal Render Pipeline/Particles/Lit': fallback shader 'Universal Render Pipeline/Particles/SimpleLit' not found
Refreshing native plugins compatible for Editor in 0,54 ms, found 0 plugins.
Preloading 0 native plugins for Editor in 0,00 ms.
Unloading 2325 Unused Serialized files (Serialized files now loaded: 0)
System memory in use before: 112,8 MB.
System memory in use after: 112,9 MB.

Unloading 22 unused Assets to reduce memory usage. Loaded Objects now: 2978.
Total: 6,667713 ms (FindLiveObjects: 0,404320 ms CreateObjectMapping: 0,149910 ms MarkObjects: 5,898833 ms  DeleteObjects: 0,212660 ms)

========================================================================
Received Prepare
Registering precompiled user dll's ...
Registered in 0,004226 seconds.
Begin MonoManager ReloadAssembly
Native extension for LinuxStandalone target not found
Refreshing native plugins compatible for Editor in 0,54 ms, found 0 plugins.
Preloading 0 native plugins for Editor in 0,00 ms.
Mono: successfully reloaded assembly
- Completed reload, in  0,990 seconds
Platform modules already initialized, skipping
Shader 'Universal Render Pipeline/Particles/Lit': fallback shader 'Universal Render Pipeline/Particles/SimpleLit' not found
Refreshing native plugins compatible for Editor in 0,53 ms, found 0 plugins.
Preloading 0 native plugins for Editor in 0,00 ms.
Unloading 2325 Unused Serialized files (Serialized files now loaded: 0)
System memory in use before: 112,8 MB.
System memory in use after: 112,9 MB.

Unloading 22 unused Assets to reduce memory usage. Loaded Objects now: 2981.
Total: 6,770473 ms (FindLiveObjects: 0,412340 ms CreateObjectMapping: 0,150300 ms MarkObjects: 5,984243 ms  DeleteObjects: 0,221590 ms)

========================================================================
Received Prepare
Registering precompiled user dll's ...
Registered in 0,004224 seconds.
Begin MonoManager ReloadAssembly
Native extension for LinuxStandalone target not found
Refreshing native plugins compatible for Editor in 0,52 ms, found 0 plugins.
Preloading 0 native plugins for Editor in 0,00 ms.
Mono: successfully reloaded assembly
- Completed reload, in  0,991 seconds
Platform modules already initialized, skipping
Shader 'Universal Render Pipeline/Particles/Lit': fallback shader 'Universal Render Pipeline/Particles/SimpleLit' not found
Refreshing native plugins compatible for Editor in 0,53 ms, found 0 plugins.
Preloading 0 native plugins for Editor in 0,00 ms.
Unloading 2325 Unused Serialized files (Serialized files now loaded: 0)
System memory in use before: 112,9 MB.
System memory in use after: 113,0 MB.

Unloading 22 unused Assets to reduce memory usage. Loaded Objects now: 2984.
Total: 6,268844 ms (FindLiveObjects: 0,359230 ms CreateObjectMapping: 0,126610 ms MarkObjects: 5,540773 ms  DeleteObjects: 0,240361 ms)

========================================================================
Received Prepare
Registering precompiled user dll's ...
Registered in 0,004170 seconds.
Begin MonoManager ReloadAssembly
Native extension for LinuxStandalone target not found
Refreshing native plugins compatible for Editor in 0,52 ms, found 0 plugins.
Preloading 0 native plugins for Editor in 0,00 ms.
Mono: successfully reloaded assembly
- Completed reload, in  0,984 seconds
Platform modules already initialized, skipping
Shader 'Universal Render Pipeline/Particles/Lit': fallback shader 'Universal Render Pipeline/Particles/SimpleLit' not found
Refreshing native plugins compatible for Editor in 0,53 ms, found 0 plugins.
Preloading 0 native plugins for Editor in 0,00 ms.
Unloading 2325 Unused Serialized files (Serialized files now loaded: 0)
System memory in use before: 112,9 MB.
System memory in use after: 113,0 MB.

Unloading 22 unused Assets to reduce memory usage. Loaded Objects now: 2987.
Total: 6,062693 ms (FindLiveObjects: 0,356990 ms CreateObjectMapping: 0,126030 ms MarkObjects: 5,342973 ms  DeleteObjects: 0,234960 ms)

========================================================================
Received Prepare
Registering precompiled user dll's ...
Registered in 0,004157 seconds.
Begin MonoManager ReloadAssembly
Native extension for LinuxStandalone target not found
Refreshing native plugins compatible for Editor in 0,51 ms, found 0 plugins.
Preloading 0 native plugins for Editor in 0,00 ms.
Mono: successfully reloaded assembly
- Completed reload, in  0,984 seconds
Platform modules already initialized, skipping
Shader 'Universal Render Pipeline/Particles/Lit': fallback shader 'Universal Render Pipeline/Particles/SimpleLit' not found
Refreshing native plugins compatible for Editor in 0,53 ms, found 0 plugins.
Preloading 0 native plugins for Editor in 0,00 ms.
Unloading 2325 Unused Serialized files (Serialized files now loaded: 0)
System memory in use before: 112,9 MB.
System memory in use after: 113,0 MB.

Unloading 22 unused Assets to reduce memory usage. Loaded Objects now: 2990.
Total: 6,796894 ms (FindLiveObjects: 0,444621 ms CreateObjectMapping: 0,149900 ms MarkObjects: 5,981103 ms  DeleteObjects: 0,218910 ms)

========================================================================
Received Prepare
Registering precompiled user dll's ...
Registered in 0,004160 seconds.
Begin MonoManager ReloadAssembly
Native extension for LinuxStandalone target not found
Refreshing native plugins compatible for Editor in 0,71 ms, found 0 plugins.
Preloading 0 native plugins for Editor in 0,00 ms.
Mono: successfully reloaded assembly
- Completed reload, in  1,008 seconds
Platform modules already initialized, skipping
Shader 'Universal Render Pipeline/Particles/Lit': fallback shader 'Universal Render Pipeline/Particles/SimpleLit' not found
Refreshing native plugins compatible for Editor in 0,53 ms, found 0 plugins.
Preloading 0 native plugins for Editor in 0,00 ms.
Unloading 2325 Unused Serialized files (Serialized files now loaded: 0)
System memory in use before: 112,9 MB.
System memory in use after: 113,0 MB.

Unloading 22 unused Assets to reduce memory usage. Loaded Objects now: 2993.
Total: 5,805653 ms (FindLiveObjects: 0,361560 ms CreateObjectMapping: 0,125660 ms MarkObjects: 5,101863 ms  DeleteObjects: 0,214610 ms)

AssetImportWorkerClient::OnTransportError - code=2 error=End of file
